[0mPOST /api/v1/cart/add [33m404[0m 7.423 ms - 155[0m
[0mPOST /api/v1/cart/add [0m-[0m - ms - -[0m
[0mPOST /api/v1/cart/add [0m-[0m - ms - -[0m
[0mPOST /api/v1/cart/add [32m200[0m 55.660 ms - 20[0m
[0mPOST /api/v1/cart/update [33m404[0m 5.472 ms - 158[0m
[0mPOST /api/v1/cart/update [32m200[0m 75.667 ms - 20[0m
[0mPOST /api/v1/cart/update [32m200[0m 92.343 ms - 20[0m
[0mPOST /api/v1/cart/update [32m200[0m 21.545 ms - 20[0m
[0mPOST /api/v1/cart/update [32m200[0m 62.298 ms - 20[0m
[0mPOST /api/v1/cart/update [32m200[0m 62.058 ms - 20[0m
[0mPOST /api/v1/cart/update [32m200[0m 87.844 ms - 20[0m
[0mPOST /api/v1/cart/update [32m200[0m 78.371 ms - 20[0m
[0mPOST /api/v1/cart/update [32m200[0m 29.170 ms - 20[0m
[0mPOST /api/v1/cart/update [32m200[0m 58.601 ms - 20[0m
[0mPOST /api/v1/cart/update [32m200[0m 47.648 ms - 20[0m
[0mPOST /api/v1/cart/update [32m200[0m 75.046 ms - 20[0m
[0mPOST /api/v1/cart/update [32m200[0m 44.856 ms - 20[0m
[0mPOST /api/v1/cart/update [32m200[0m 43.377 ms - 20[0m
[0mPOST /api/v1/cart/update [32m200[0m 74.913 ms - 20[0m
[0mPOST /api/v1/cart/update [32m200[0m 62.809 ms - 20[0m
[0mGET /api/v1/cart/update [33m404[0m 61.377 ms - 157[0m
[0mGET /api/v1/cart/add [33m404[0m 5.365 ms - 154[0m
[0mPOST /api/v1/cart/add [32m200[0m 106.103 ms - 20[0m
[0mPOST /api/v1/cart/add [32m200[0m 12.496 ms - 20[0m
[0mPOST /api/v1/cart/add [32m200[0m 49.886 ms - 20[0m
[0mPOST /api/v1/cart/update [32m200[0m 70.431 ms - 20[0m
[0mPOST /api/v1/cart/update [32m200[0m 49.561 ms - 20[0m
[0mPOST /api/v1/cart/update [32m200[0m 49.566 ms - 20[0m
[0mPOST /api/v1/cart/update [32m200[0m 50.417 ms - 20[0m
[0mPOST /api/v1/cart/update [32m200[0m 41.301 ms - 20[0m
[0mPOST /api/v1/cart/update [32m200[0m 21.799 ms - 20[0m
[0mPOST /api/v1/cart/add [32m200[0m 32.155 ms - 20[0m
[0mPOST /api/v1/cart/update [32m200[0m 16.839 ms - 20[0m
[0mPOST /api/v1/cart/update [32m200[0m 19.986 ms - 20[0m
[0mPOST /api/v1/cart/update [32m200[0m 16.386 ms - 20[0m
[0mPOST /api/v1/cart/delete [33m404[0m 2.765 ms - 158[0m
[0mGET /api/v1/cart/delete?productid=63ed376f3ec5aef95c914453 [33m404[0m 5.671 ms - 157[0m
[0mGET /api/v1/cart/delete/63ed376f3ec5aef95c914453 [32m200[0m 15.572 ms - 20[0m
[0mGET /api/v1/cart/delete/63ed376f3ec5aef95c914453 [32m200[0m 20.497 ms - 20[0m
[0mGET /api/v1/cart/delete/63ed376f3ec5aef95c914453 [32m200[0m 28.433 ms - 20[0m
[0mGET /api/v1/cart/delete/63ed376f3ec5aef95c914453 [32m200[0m 8.209 ms - 20[0m
[0mGET /api/v1/cart/delete/63ed376f3ec5aef95c914453 [32m200[0m 6.832 ms - 20[0m
[0mGET /api/v1/cart/delete/63ed376f3ec5aef95c914453 [32m200[0m 3.811 ms - 20[0m
[0mGET /api/v1/cart/delete/63ed376f3ec5aef95c914453 [32m200[0m 5.709 ms - 20[0m
[0mGET /api/v1/cart/delete/63ed376f3ec5aef95c914453 [32m200[0m 3.513 ms - 20[0m
[0mGET /api/v1/cart/delete/63ed376f3ec5aef95c914453 [32m200[0m 8.645 ms - 20[0m
[0mGET /api/v1/cart/delete/63ed376f3ec5aef95c914453 [32m200[0m 4.365 ms - 20[0m
[0mGET /api/v1/cart/delete/63ed376f3ec5aef95c914453 [32m200[0m 23.928 ms - 20[0m
[0mPOST /api/v1/cart/add [32m200[0m 80.048 ms - 20[0m
[0mPOST /api/v1/cart/add [32m200[0m 27.598 ms - 20[0m
[0mPOST /api/v1/cart/add [32m200[0m 54.951 ms - 20[0m
[0mPOST /api/v1/cart/add [32m200[0m 13.371 ms - 20[0m
[0mPOST /api/v1/cart/add [32m200[0m 30.136 ms - 20[0m
[0mPOST /api/v1/cart/add [32m200[0m 7.830 ms - 20[0m
[0mPOST /api/v1/cart/delete/place-order [33m404[0m 3.758 ms - 170[0m
[0mPOST /api/v1/cart/delete/place-order [33m404[0m 2.212 ms - 170[0m
[0mPOST /api/v1/cart/place-order [32m200[0m 32.440 ms - 20[0m
[0mPOST /api/v1/cart/place-order [32m200[0m 7.645 ms - 20[0m
[0mPOST /api/v1/cart/place-order [32m200[0m 29.441 ms - 20[0m
[0mPOST /api/v1/cart/place-order [32m200[0m 13.060 ms - 20[0m
[0mPOST /api/v1/cart/place-order [32m200[0m 8.821 ms - 20[0m
[0mPOST /api/v1/cart/place-order [32m200[0m 36.536 ms - 20[0m
[0mPOST /api/v1/cart/place-order [32m200[0m 40.735 ms - 20[0m
[0mPOST /api/v1/cart/place-order [32m200[0m 43.942 ms - 20[0m
[0mPOST /api/v1/cart/place-order [32m200[0m 16.132 ms - 20[0m
[0mPOST /api/v1/cart/place-order [32m200[0m 38.579 ms - 20[0m
[0mPOST /api/v1/invoice/set-invoice-number [33m404[0m 3.022 ms - 173[0m
[0mPOST /api/v1/invoice/set-invoice-number [32m200[0m 27.880 ms - 20[0m
[0mPOST /api/v1/invoice/set-invoice-number [32m200[0m 10.919 ms - 20[0m
[0mPOST /api/v1/invoice/set-invoice-number [32m200[0m 22.995 ms - 20[0m
[0mPOST /api/v1/cart/place-order [32m200[0m 33.898 ms - 20[0m
[0mPOST /api/v1/cart/place-order [32m200[0m 124.542 ms - 20[0m
[0mPOST /api/v1/cart/place-order [32m200[0m 25.884 ms - 20[0m
[0mPOST /api/v1/invoice/set-invoice-number [32m200[0m 21.816 ms - 20[0m
[0mPOST /api/v1/cart/place-order [32m200[0m 31.675 ms - 20[0m
[0mPOST /api/v1/invoice/set-invoice-number [32m200[0m 32.361 ms - 20[0m
[0mPOST /api/v1/cart/place-order [32m200[0m 64.112 ms - 20[0m
[0mPOST /api/v1/cart/place-order [32m200[0m 26.077 ms - 20[0m
[0mPOST /api/v1/invoice/set-invoice-number [32m200[0m 4.046 ms - 20[0m
[0mPOST /api/v1/cart/place-order [32m200[0m 45.451 ms - 20[0m
[0mPOST /api/v1/cart/place-order [32m200[0m 30.643 ms - 20[0m
[0mPOST /api/v1/invoice/set-invoice-number [32m200[0m 39.191 ms - 20[0m
[0mPOST /api/v1/cart/place-order [32m200[0m 107.170 ms - 20[0m
[0mPOST /api/v1/invoice/set-invoice-number [32m200[0m 44.565 ms - 20[0m
[0mPOST /api/v1/cart/place-order [32m200[0m 101.599 ms - 20[0m
[0mPOST /api/v1/invoice/set-invoice-number [32m200[0m 8.694 ms - 20[0m
[0mPOST /api/v1/cart/place-order [32m200[0m 38.018 ms - 20[0m
[0mGET / [33m404[0m 5.331 ms - 139[0m
[0mPOST /api/v1/cart/place-order [32m200[0m 87.380 ms - 20[0m
[0mPOST /api/v1/cart/place-order [32m200[0m 43.297 ms - 20[0m
[0mPOST /api/v1/cart/place-order [32m200[0m 42.857 ms - 20[0m
[0mPOST /api/v1/cart/place-order [32m200[0m 41.415 ms - 20[0m
[0mPOST /api/v1/cart/place-order [32m200[0m 32.347 ms - 20[0m
[0mPOST /api/v1/cart/place-order [32m200[0m 48.712 ms - 20[0m
[0mPOST /api/v1/cart/place-order [32m200[0m 54.047 ms - 20[0m
[0mPOST /api/v1/cart/place-order [32m200[0m 43.205 ms - 20[0m
[0mPOST /api/v1/cart/place-order [32m200[0m 48.407 ms - 20[0m
[0mPOST /api/v1/cart/place-order [32m200[0m 45.081 ms - 20[0m
[0mPOST /api/v1/invoice/order-invoice/abc/dfd/PI/00002 [33m404[0m 6.078 ms - 185[0m
[0mPOST /api/v1/invoice//generate-invoice [32m200[0m 40.561 ms - 20[0m
[0mPOST /api/v1/invoice//generate-invoice [32m200[0m 51.257 ms - 20[0m
[0mPOST /api/v1/invoice//generate-invoice [32m200[0m 51.082 ms - 20[0m
[0mPOST /api/v1/invoice//generate-invoice [32m200[0m 56.850 ms - 20[0m
[0mPOST /api/v1/invoice//generate-invoice [32m200[0m 50.610 ms - 20[0m
[0mPOST /api/v1/invoice//generate-invoice [32m200[0m 18.568 ms - 20[0m
[0mPOST /api/v1/invoice//generate-invoice [32m200[0m 17.722 ms - 20[0m
[0mPOST /api/v1/invoice//generate-invoice [32m200[0m 14.865 ms - 20[0m
[0mPOST /api/v1/invoice//generate-invoice [32m200[0m 45.087 ms - 20[0m
[0mPOST /api/v1/invoice//generate-invoice [32m200[0m 52.626 ms - 20[0m
[0mPOST /api/v1/invoice//generate-invoice [32m200[0m 48.928 ms - 20[0m
[0mPOST /api/v1/invoice//generate-invoice [32m200[0m 49.182 ms - 20[0m
[0mPOST /api/v1/invoice//generate-invoice [32m200[0m 14.542 ms - 20[0m
[0mPOST /api/v1/invoice//generate-invoice [32m200[0m 100.146 ms - 20[0m
[0mPOST /api/v1/invoice//generate-invoice [32m200[0m 56.615 ms - 20[0m
[0mPOST /api/v1/invoice//generate-invoice [32m200[0m 47.869 ms - 20[0m
[0mPOST /api/v1/invoice//generate-invoice [32m200[0m 61.206 ms - 20[0m
[0mPOST /api/v1/invoice//generate-invoice [32m200[0m 50.405 ms - 20[0m
[0mPOST /api/v1/invoice//generate-invoice [32m200[0m 49.828 ms - 20[0m
[0mPOST /api/v1/invoice//generate-invoice [32m200[0m 72.475 ms - 20[0m
[0mPOST /api/v1/cart/place-order [32m200[0m 136.696 ms - 20[0m
[0mPOST /api/v1/invoice//generate-invoice [32m200[0m 56.746 ms - 20[0m
[0mPOST /api/v1/invoice//generate-invoice [32m200[0m 77.965 ms - 20[0m
[0mPOST /api/v1/invoice//generate-invoice [32m200[0m 84.497 ms - 20[0m
[0mPOST /api/v1/invoice//generate-invoice [32m200[0m 92.482 ms - 20[0m
[0mPOST /api/v1/invoice//generate-invoice [32m200[0m 93.127 ms - 20[0m
[0mPOST /api/v1/invoice//generate-invoice [32m200[0m 92.897 ms - 20[0m
[0mPOST /api/v1/invoice//generate-invoice [32m200[0m 87.747 ms - 20[0m
[0mPOST /api/v1/invoice//generate-invoice [32m200[0m 97.005 ms - 20[0m
[0mPOST /api/v1/invoice//generate-invoice [32m200[0m 88.391 ms - 20[0m
[0mPOST /api/v1/invoice//generate-invoice [32m200[0m 92.051 ms - 20[0m
[0mPOST /api/v1/invoice//generate-invoice [32m200[0m 94.114 ms - 20[0m
[0mPOST /api/v1/invoice//generate-invoice [32m200[0m 110.271 ms - 20[0m
[0mPOST /api/v1/invoice//generate-invoice [32m200[0m 111.749 ms - 20[0m
[0mPOST /api/v1/invoice//generate-invoice [32m200[0m 124.999 ms - 20[0m
[0mPOST /api/v1/invoice//generate-invoice [32m200[0m 6877.829 ms - 20[0m
[0mPOST /api/v1/invoice//generate-invoice [32m200[0m 79.164 ms - 20[0m
[0mPOST /api/v1/invoice//generate-invoice [32m200[0m 49.759 ms - 20[0m
[0mPOST /api/v1/invoice//generate-invoice [32m200[0m 79.840 ms - 20[0m
[0mPOST /api/v1/invoice//generate-invoice [32m200[0m 66.447 ms - 20[0m
[0mPOST /api/v1/invoice//generate-invoice [32m200[0m 70.876 ms - 20[0m
[0mPOST /api/v1/invoice//generate-invoice [32m200[0m 111.872 ms - 20[0m
[0mPOST /api/v1/invoice//generate-invoice [32m200[0m 210.322 ms - 20[0m
[0mPOST /api/v1/invoice//generate-invoice [32m200[0m 64.484 ms - 20[0m
[0mPOST /api/v1/invoice//generate-invoice [32m200[0m 82.047 ms - 20[0m
[0mPOST /api/v1/invoice//generate-invoice [32m200[0m 114.280 ms - 20[0m
[0mPOST /api/v1/invoice//generate-invoice [32m200[0m 48.685 ms - 20[0m
[0mPOST /api/v1/invoice//generate-invoice [32m200[0m 65.974 ms - 20[0m
[0mPOST /api/v1/invoice//generate-invoice [32m200[0m 72.950 ms - 20[0m
[0mPOST /api/v1/invoice//generate-invoice [32m200[0m 74.051 ms - 20[0m
[0mPOST /api/v1/invoice//generate-invoice [32m200[0m 46.404 ms - 20[0m
[0mPOST /api/v1/invoice//generate-invoice [32m200[0m 80.043 ms - 20[0m
[0mPOST /api/v1/invoice//generate-invoice [32m200[0m 194.977 ms - 20[0m
[0mPOST /api/v1/invoice//generate-invoice [32m200[0m 84.252 ms - 20[0m
[0mPOST /api/v1/invoice//generate-invoice [32m200[0m 355.703 ms - 20[0m
[0mPOST /api/v1/invoice//generate-invoice [32m200[0m 41.592 ms - 20[0m
[0mPOST /api/v1/invoice//generate-invoice [32m200[0m 86.509 ms - 20[0m
[0mPOST /api/v1/invoice//generate-invoice [32m200[0m 86.200 ms - 20[0m
