[0mGET /api/v1/products [36m304[0m 83.452 ms - -[0m
[0mGET /api/v1/cart [36m304[0m 71.655 ms - -[0m
[0mGET /api/v1/products [36m304[0m 259.028 ms - -[0m
[0mGET /api/v1/cart [36m304[0m 98.275 ms - -[0m
[0mPOST /api/v1/cart/place-order [32m200[0m 244.626 ms - 20[0m
[0mPOST /api/v1/cart/place-order [32m200[0m 42.007 ms - 20[0m
[0mPOST /api/v1/cart/place-order [32m200[0m 88.345 ms - 20[0m
[0mPOST /api/v1/cart/place-order [32m200[0m 40.874 ms - 20[0m
[0mPOST /api/v1/cart/place-order [32m200[0m 49.832 ms - 20[0m
[0mPOST /api/v1/cart/place-order [32m200[0m 108.490 ms - 20[0m
[0mPOST /api/v1/cart/place-order [32m200[0m 99.663 ms - 20[0m
[0mPOST /api/v1/cart/place-order [32m200[0m 106.710 ms - 20[0m
[0mPOST /api/v1/cart/place-order [32m200[0m 126.755 ms - 20[0m
[0mPOST /api/v1/cart/place-order [32m200[0m 126.412 ms - 20[0m
[0mPOST /api/v1/cart/place-order [32m200[0m 117.538 ms - 20[0m
[0mPOST /api/v1/cart/place-order [32m200[0m 148.505 ms - 20[0m
[0mPOST /api/v1/cart/place-order [32m200[0m 226.470 ms - 20[0m
[0mPOST /api/v1/cart/place-order [32m200[0m 161.144 ms - 20[0m
[0mPOST /api/v1/cart/place-order [32m200[0m 78.887 ms - 20[0m
[0mPOST /api/v1/cart/place-order [32m200[0m 145.764 ms - 20[0m
[0mPOST /api/v1/cart/place-order [32m200[0m 156.213 ms - 20[0m
[0mPOST /api/v1/invoice//generate-invoice [32m200[0m 8145.826 ms - 20[0m
[0mPOST /api/v1/invoice//generate-invoice [32m200[0m 237.564 ms - 20[0m
[0mPOST /api/v1/invoice//generate-invoice [32m200[0m 76.696 ms - 20[0m
[0mPOST /api/v1/invoice//generate-invoice [32m200[0m 81.572 ms - 20[0m
[0mPOST /api/v1/invoice//generate-invoice [32m200[0m 57.068 ms - 20[0m
[0mPOST /api/v1/invoice//generate-invoice [32m200[0m 66.526 ms - 20[0m
[0mPOST /api/v1/invoice//generate-invoice [32m200[0m 73.424 ms - 20[0m
[0mPOST /api/v1/invoice//generate-invoice [32m200[0m 199.653 ms - 20[0m
[0mPOST /api/v1/invoice//generate-invoice [32m200[0m 81.940 ms - 20[0m
[0mPOST /api/v1/invoice//generate-invoice [32m200[0m 79.296 ms - 20[0m
[0mPOST /api/v1/invoice//generate-invoice [32m200[0m 98.191 ms - 20[0m
[0mPOST /api/v1/cart/place-order [32m200[0m 221.233 ms - 20[0m
[0mPOST /api/v1/cart/place-order [32m200[0m 141.364 ms - 20[0m
[0mPOST /api/v1/invoice//generate-invoice [32m200[0m 182.700 ms - 20[0m
[0mGET /api/v1/products [36m304[0m 22.568 ms - -[0m
[0mGET /api/v1/cart [36m304[0m 29.655 ms - -[0m
[0mGET /api/v1/products [36m304[0m 24.197 ms - -[0m
[0mGET /api/v1/cart [36m304[0m 58.681 ms - -[0m
[0mGET /api/v1/products [36m304[0m 28.824 ms - -[0m
[0mGET /api/v1/cart [36m304[0m 41.212 ms - -[0m
[0mGET /api/v1/products [36m304[0m 94.047 ms - -[0m
[0mGET /api/v1/cart [36m304[0m 90.084 ms - -[0m
[0mPOST /api/v1/cart/place-order [32m200[0m 131.256 ms - 20[0m
[0mPOST /api/v1/cart/place-order [32m200[0m 84.777 ms - 20[0m
[0mPOST /api/v1/cart/place-order [32m200[0m 83.282 ms - 20[0m
[0mPOST /api/v1/cart/place-order [32m200[0m 87.586 ms - 20[0m
[0mPOST /api/v1/cart/place-order [32m200[0m 74.143 ms - 20[0m
[0mPOST /api/v1/invoice//generate-invoice [32m200[0m 110.643 ms - 20[0m
[0mPOST /api/v1/invoice//generate-invoice [32m200[0m 12.564 ms - 20[0m
[0mPOST /api/v1/invoice//generate-invoice [32m200[0m 6579.351 ms - 20[0m
[0mPOST /api/v1/invoice//generate-invoice [32m200[0m 105.850 ms - 20[0m
[0mPOST /api/v1/invoice//generate-invoice [32m200[0m 86.179 ms - 20[0m
[0mGET /api/v1/products [36m304[0m 126.622 ms - -[0m
[0mGET /api/v1/cart [36m304[0m 127.759 ms - -[0m
[0mPOST /api/v1/cart/place-order [32m200[0m 99.163 ms - 20[0m
[0mPOST /api/v1/invoice//generate-invoice [32m200[0m 182.914 ms - 20[0m
[0mPOST /api/v1/invoice//generate-invoice [32m200[0m 85.065 ms - 20[0m
[0mPOST /api/v1/invoice//generate-invoice [32m200[0m 69.301 ms - 20[0m
[0mPOST /api/v1/invoice//generate-invoice [32m200[0m 78.515 ms - 20[0m
[0mPOST /api/v1/invoice//generate-invoice [32m200[0m 85.514 ms - 20[0m
[0mPOST /api/v1/invoice//generate-invoice [32m200[0m 108.679 ms - 20[0m
[0mPOST /api/v1/invoice//generate-invoice [32m200[0m 69.995 ms - 20[0m
[0mPOST /api/v1/invoice//generate-invoice [32m200[0m 88.721 ms - 20[0m
[0mPOST /api/v1/invoice//generate-invoice [32m200[0m 128.137 ms - 20[0m
[0mPOST /api/v1/invoice//generate-invoice [32m200[0m 107.847 ms - 20[0m
[0mPOST /api/v1/invoice//generate-invoice [32m200[0m 61.391 ms - 20[0m
[0mPOST /api/v1/invoice//generate-invoice [32m200[0m 213.882 ms - 20[0m
[0mPOST /api/v1/invoice//generate-invoice [32m200[0m 57.481 ms - 20[0m
[0mPOST /api/v1/invoice//generate-invoice [32m200[0m 72.584 ms - 20[0m
[0mPOST /api/v1/invoice//generate-invoice [32m200[0m 123.404 ms - 20[0m
[0mPOST /api/v1/invoice//generate-invoice [32m200[0m 97.274 ms - 20[0m
[0mPOST /api/v1/invoice//generate-invoice [32m200[0m 79.406 ms - 20[0m
[0mPOST /api/v1/invoice//generate-invoice [32m200[0m 67.788 ms - 20[0m
[0mPOST /api/v1/invoice//generate-invoice [32m200[0m 65.126 ms - 20[0m
[0mPOST /api/v1/invoice//generate-invoice [32m200[0m 75.678 ms - 20[0m
[0mPOST /api/v1/invoice//generate-invoice [32m200[0m 78.970 ms - 20[0m
[0mPOST /api/v1/invoice//generate-invoice [32m200[0m 208.714 ms - 20[0m
[0mPOST /api/v1/invoice//generate-invoice [32m200[0m 83.091 ms - 20[0m
[0mPOST /api/v1/invoice//generate-invoice [32m200[0m 153.938 ms - 20[0m
[0mPOST /api/v1/invoice//generate-invoice [32m200[0m 104.724 ms - 20[0m
[0mPOST /api/v1/invoice//generate-invoice [32m200[0m 157.014 ms - 20[0m
[0mPOST /api/v1/invoice//generate-invoice [32m200[0m 115.453 ms - 20[0m
[0mPOST /api/v1/invoice//generate-invoice [32m200[0m 63.280 ms - 20[0m
[0mPOST /api/v1/invoice//generate-invoice [32m200[0m 87.263 ms - 20[0m
[0mPOST /api/v1/invoice//generate-invoice [32m200[0m 77.407 ms - 20[0m
[0mPOST /api/v1/invoice//generate-invoice [32m200[0m 56.258 ms - 20[0m
[0mPOST /api/v1/invoice//generate-invoice [32m200[0m 48.006 ms - 20[0m
[0mPOST /api/v1/invoice//generate-invoice [32m200[0m 52.737 ms - 20[0m
[0mPOST /api/v1/invoice//generate-invoice [32m200[0m 55.296 ms - 20[0m
[0mPOST /api/v1/invoice//generate-invoice [32m200[0m 56.508 ms - 20[0m
[0mPOST /api/v1/invoice//generate-invoice [32m200[0m 57.992 ms - 20[0m
[0mPOST /api/v1/invoice//generate-invoice [32m200[0m 51.656 ms - 20[0m
[0mPOST /api/v1/invoice//generate-invoice [32m200[0m 41.902 ms - 20[0m
[0mPOST /api/v1/invoice//generate-invoice [32m200[0m 45.488 ms - 20[0m
[0mPOST /api/v1/invoice//generate-invoice [32m200[0m 48.789 ms - 20[0m
[0mPOST /api/v1/invoice//generate-invoice [32m200[0m 55.872 ms - 20[0m
[0mPOST /api/v1/invoice//generate-invoice [32m200[0m 56.597 ms - 20[0m
[0mPOST /api/v1/invoice//generate-invoice [32m200[0m 51.896 ms - 20[0m
[0mPOST /api/v1/invoice//generate-invoice [32m200[0m 53.681 ms - 20[0m
[0mPOST /api/v1/invoice//generate-invoice [32m200[0m 56.021 ms - 20[0m
[0mPOST /api/v1/invoice//generate-invoice [32m200[0m 49.657 ms - 20[0m
[0mPOST /api/v1/invoice//generate-invoice [32m200[0m 45.040 ms - 20[0m
[0mPOST /api/v1/invoice//generate-invoice [32m200[0m 55.108 ms - 20[0m
[0mPOST /api/v1/invoice//generate-invoice [32m200[0m 46.485 ms - 20[0m
[0mPOST /api/v1/invoice//generate-invoice [32m200[0m 50.378 ms - 20[0m
[0mPOST /api/v1/invoice//generate-invoice [32m200[0m 51.110 ms - 20[0m
[0mPOST /api/v1/invoice//generate-invoice [32m200[0m 47.650 ms - 20[0m
[0mPOST /api/v1/invoice//generate-invoice [32m200[0m 72.578 ms - 20[0m
[0mPOST /api/v1/invoice//generate-invoice [32m200[0m 55.161 ms - 20[0m
[0mPOST /api/v1/invoice//generate-invoice [32m200[0m 51.105 ms - 20[0m
[0mPOST /api/v1/invoice//generate-invoice [32m200[0m 39.477 ms - 20[0m
[0mPOST /api/v1/invoice//generate-invoice [32m200[0m 40.817 ms - 20[0m
[0mPOST /api/v1/invoice//generate-invoice [32m200[0m 49.041 ms - 20[0m
[0mPOST /api/v1/invoice//generate-invoice [32m200[0m 143.087 ms - 20[0m
[0mPOST /api/v1/invoice//generate-invoice [32m200[0m 48.219 ms - 20[0m
[0mPOST /api/v1/invoice//generate-invoice [32m200[0m 44.698 ms - 20[0m
[0mPOST /api/v1/invoice//generate-invoice [32m200[0m 48.882 ms - 20[0m
[0mPOST /api/v1/invoice//generate-invoice [32m200[0m 71.078 ms - 20[0m
[0mPOST /api/v1/invoice//generate-invoice [32m200[0m 77.922 ms - 20[0m
[0mPOST /api/v1/invoice//generate-invoice [32m200[0m 107.580 ms - 20[0m
[0mPOST /api/v1/invoice//generate-invoice [32m200[0m 48.465 ms - 20[0m
[0mPOST /api/v1/invoice//generate-invoice [32m200[0m 51.261 ms - 20[0m
[0mPOST /api/v1/invoice//generate-invoice [32m200[0m 53.052 ms - 20[0m
[0mPOST /api/v1/invoice//generate-invoice [32m200[0m 41.094 ms - 20[0m
[0mPOST /api/v1/invoice//generate-invoice [32m200[0m 46.349 ms - 20[0m
[0mPOST /api/v1/invoice//generate-invoice [32m200[0m 46.222 ms - 20[0m
[0mPOST /api/v1/invoice//generate-invoice [32m200[0m 53.798 ms - 20[0m
[0mPOST /api/v1/invoice//generate-invoice [32m200[0m 49.977 ms - 20[0m
[0mPOST /api/v1/invoice//generate-invoice [32m200[0m 53.418 ms - 20[0m
[0mPOST /api/v1/invoice//generate-invoice [32m200[0m 42.854 ms - 20[0m
[0mPOST /api/v1/invoice//generate-invoice [32m200[0m 55.061 ms - 20[0m
[0mPOST /api/v1/invoice//generate-invoice [32m200[0m 76.652 ms - 20[0m
[0mPOST /api/v1/invoice//generate-invoice [32m200[0m 48.875 ms - 20[0m
[0mPOST /api/v1/invoice//generate-invoice [32m200[0m 51.911 ms - 20[0m
[0mPOST /api/v1/invoice//generate-invoice [32m200[0m 50.472 ms - 20[0m
[0mPOST /api/v1/invoice//generate-invoice [32m200[0m 102.810 ms - 20[0m
[0mPOST /api/v1/invoice//generate-invoice [32m200[0m 53.487 ms - 20[0m
[0mPOST /api/v1/invoice//generate-invoice [32m200[0m 47.428 ms - 20[0m
[0mPOST /api/v1/invoice//generate-invoice [32m200[0m 43.757 ms - 20[0m
[0mGET /api/v1/invoice/ [32m200[0m 4.053 ms - 20[0m
[0mGET /api/v1/invoice/ [32m200[0m 10.922 ms - 20[0m
[0mGET /api/v1/invoice/ [32m200[0m 36.481 ms - 476[0m
[0mGET /api/v1/products [36m304[0m 36.109 ms - -[0m
[0mGET /api/v1/cart [36m304[0m 50.049 ms - -[0m
[0mGET /api/v1/products [36m304[0m 17.996 ms - -[0m
[0mGET /api/v1/cart [36m304[0m 21.614 ms - -[0m
[0mGET /api/v1/cart [36m304[0m 18.191 ms - -[0m
[0mGET /api/v1/products [36m304[0m 24.943 ms - -[0m
[0mGET /api/v1/products [36m304[0m 24.574 ms - -[0m
[0mGET /api/v1/cart [36m304[0m 27.994 ms - -[0m
[0mGET /api/v1/products [36m304[0m 19.466 ms - -[0m
[0mGET /api/v1/cart [36m304[0m 25.705 ms - -[0m
[0mGET /api/v1/products [36m304[0m 16.721 ms - -[0m
[0mGET /api/v1/cart [36m304[0m 22.264 ms - -[0m
[0mGET /api/v1/products [36m304[0m 21.569 ms - -[0m
[0mGET /api/v1/cart [36m304[0m 26.713 ms - -[0m
[0mGET /api/v1/products [36m304[0m 10.859 ms - -[0m
[0mGET /api/v1/cart [36m304[0m 19.645 ms - -[0m
[0mGET /api/v1/products [36m304[0m 8.728 ms - -[0m
[0mGET /api/v1/invoice/ [32m200[0m 24.418 ms - 476[0m
[0mGET /api/v1/invoice/ [36m304[0m 53.462 ms - -[0m
[0mGET /api/v1/invoice/ [36m304[0m 21.992 ms - -[0m
[0mGET /api/v1/invoice/ [36m304[0m 8.568 ms - -[0m
[0mGET /api/v1/invoice/ [36m304[0m 18.597 ms - -[0m
[0mGET /api/v1/invoice/ [36m304[0m 13.721 ms - -[0m
[0mGET /api/v1/invoice/ [36m304[0m 22.543 ms - -[0m
[0mGET /api/v1/invoice/ [36m304[0m 19.560 ms - -[0m
[0mGET /api/v1/invoice/ [36m304[0m 14.385 ms - -[0m
[0mGET /api/v1/invoice/ [36m304[0m 17.155 ms - -[0m
[0mGET /api/v1/invoice/ [36m304[0m 11.159 ms - -[0m
[0mGET /api/v1/invoice/ [36m304[0m 11.930 ms - -[0m
[0mGET /api/v1/invoice/ [36m304[0m 10.219 ms - -[0m
[0mGET /api/v1/invoice/ [36m304[0m 12.628 ms - -[0m
[0mGET /api/v1/invoice/ [36m304[0m 7.585 ms - -[0m
[0mGET /api/v1/invoice/ [36m304[0m 7.982 ms - -[0m
[0mGET /api/v1/invoice/ [36m304[0m 13.058 ms - -[0m
[0mGET /api/v1/invoice/ [36m304[0m 7.585 ms - -[0m
[0mGET /api/v1/invoice/ [36m304[0m 7.226 ms - -[0m
[0mGET /api/v1/invoice/ [36m304[0m 5.794 ms - -[0m
[0mGET /api/v1/invoice/ [36m304[0m 8.198 ms - -[0m
[0mGET /api/v1/invoice/ [36m304[0m 7.299 ms - -[0m
[0mGET /api/v1/invoice/ [36m304[0m 6.933 ms - -[0m
[0mGET /api/v1/invoice/ [36m304[0m 6.616 ms - -[0m
[0mGET /api/v1/invoice/ [36m304[0m 7.441 ms - -[0m
[0mGET /api/v1/invoice/ [36m304[0m 7.604 ms - -[0m
[0mGET /api/v1/invoice/ [36m304[0m 15.876 ms - -[0m
[0mGET /api/v1/invoice/ [36m304[0m 10.201 ms - -[0m
[0mGET /api/v1/invoice/ [36m304[0m 7.596 ms - -[0m
[0mGET /api/v1/invoice/ [36m304[0m 73.149 ms - -[0m
[0mGET /api/v1/invoice/ [36m304[0m 21.209 ms - -[0m
[0mGET /api/v1/invoice/ [36m304[0m 7.200 ms - -[0m
[0mGET /api/v1/invoice/ [36m304[0m 15.927 ms - -[0m
[0mPOST /api/v1/invoice/generate-invoice [32m200[0m 4253.104 ms - 20[0m
[0mGET /api/v1/invoice/ [36m304[0m 13.470 ms - -[0m
[0mGET /api/v1/invoice/ [36m304[0m 12.184 ms - -[0m
[0mGET /api/v1/invoice/ [36m304[0m 15.704 ms - -[0m
[0mPOST /api/v1/invoice/generate-invoice [32m200[0m 118.000 ms - 20[0m
[0mPOST /api/v1/invoice/generate-invoice [32m200[0m 100.986 ms - 20[0m
[0mPOST /api/v1/invoice/generate-invoice [32m200[0m 108.726 ms - 20[0m
[0mPOST /api/v1/invoice/generate-invoice [32m200[0m 97.741 ms - 20[0m
[0mPOST /api/v1/invoice/generate-invoice [32m200[0m 103.227 ms - 20[0m
[0mPOST /api/v1/invoice/generate-invoice [32m200[0m 117.272 ms - 20[0m
[0mPOST /api/v1/invoice/generate-invoice [32m200[0m 106.682 ms - 20[0m
[0mPOST /api/v1/invoice/generate-invoice [32m200[0m 100.708 ms - 20[0m
[0mPOST /api/v1/invoice/generate-invoice [32m200[0m 104.471 ms - 20[0m
[0mPOST /api/v1/invoice/generate-invoice [32m200[0m 153.218 ms - 20[0m
[0mPOST /api/v1/invoice/generate-invoice [32m200[0m 139.338 ms - 20[0m
[0mPOST /api/v1/invoice/generate-invoice [32m200[0m 177.165 ms - 20[0m
[0mPOST /api/v1/invoice/generate-invoice [32m200[0m 117.827 ms - 20[0m
[0mPOST /api/v1/invoice/generate-invoice [32m200[0m 115.560 ms - 20[0m
[0mPOST /api/v1/invoice/generate-invoice [32m200[0m 120.504 ms - 20[0m
[0mPOST /api/v1/invoice/generate-invoice [32m200[0m 159.494 ms - 20[0m
[0mPOST /api/v1/invoice/generate-invoice [32m200[0m 115.277 ms - 20[0m
[0mPOST /api/v1/invoice/generate-invoice [32m200[0m 2141.278 ms - 50768[0m
[0mGET /api/v1/invoice/ [36m304[0m 64.118 ms - -[0m
[0mPOST /api/v1/invoice/generate-invoice [32m200[0m 1932.469 ms - 50768[0m
[0mPOST /api/v1/invoice/generate-invoice [32m200[0m 141.770 ms - 20[0m
[0mPOST /api/v1/invoice/generate-invoice [32m200[0m 131.014 ms - 20[0m
[0mPOST /api/v1/invoice/generate-invoice [32m200[0m 1995.450 ms - 50768[0m
[0mGET /api/v1/invoice/ [36m304[0m 65.883 ms - -[0m
[0mGET /api/v1/invoice/ [36m304[0m 55.037 ms - -[0m
[0mPOST /api/v1/invoice/generate-invoice [32m200[0m 2306.733 ms - 50768[0m
[0mGET /api/v1/invoice/ [36m304[0m 16.887 ms - -[0m
[0mGET /api/v1/invoice/ [36m304[0m 14.538 ms - -[0m
[0mGET /api/v1/invoice/ [36m304[0m 23.084 ms - -[0m
[0mGET /api/v1/invoice/ [36m304[0m 19.695 ms - -[0m
[0mGET /api/v1/invoice/ [36m304[0m 12.496 ms - -[0m
[0mGET /api/v1/invoice/ [36m304[0m 9.068 ms - -[0m
[0mGET /api/v1/invoice/ [36m304[0m 11.224 ms - -[0m
[0mPOST /api/v1/invoice/generate-invoice [32m200[0m 1936.412 ms - 50767[0m
[0mPOST /api/v1/invoice/generate-invoice [32m200[0m 2042.695 ms - 50767[0m
[0mGET /api/v1/invoice/ [36m304[0m 20.628 ms - -[0m
[0mGET /api/v1/invoice/ [36m304[0m 10.051 ms - -[0m
[0mPOST /api/v1/invoice/generate-invoice [32m200[0m 2327.337 ms - 50768[0m
[0mGET /api/v1/invoice/ [36m304[0m 89.713 ms - -[0m
[0mPOST /api/v1/invoice/generate-invoice [32m200[0m 3406.933 ms - 50767[0m
[0mPOST /api/v1/invoice/generate-invoice [32m200[0m 3835.920 ms - 50767[0m
[0mPOST /api/v1/invoice/generate-invoice [32m200[0m 5825.238 ms - 50767[0m
[0mPOST /api/v1/invoice/generate-invoice [32m200[0m 6684.418 ms - 50767[0m
[0mPOST /api/v1/invoice/generate-invoice [32m200[0m 6326.674 ms - 50767[0m
[0mPOST /api/v1/invoice/generate-invoice [32m200[0m 6858.539 ms - 50767[0m
[0mPOST /api/v1/invoice/generate-invoice [32m200[0m 6905.124 ms - 50767[0m
[0mGET /api/v1/cart [36m304[0m 138.167 ms - -[0m
[0mGET /api/v1/products [36m304[0m 100.936 ms - -[0m
[0mGET /api/v1/invoice/ [36m304[0m 75.124 ms - -[0m
[0mPOST /api/v1/invoice/generate-invoice [32m200[0m 1900.726 ms - 50767[0m
[0mGET /api/v1/invoice/ [36m304[0m 86.153 ms - -[0m
[0mGET /api/v1/invoice/ [36m304[0m 12.124 ms - -[0m
[0mGET /api/v1/invoice/ [36m304[0m 11.430 ms - -[0m
[0mGET /api/v1/invoice/ [36m304[0m 11.422 ms - -[0m
[0mGET /api/v1/invoice/ [36m304[0m 42.156 ms - -[0m
[0mGET /api/v1/invoice/ [36m304[0m 9.663 ms - -[0m
[0mPOST /api/v1/invoice/generate-invoice [32m200[0m 2304.630 ms - 50767[0m
[0mGET /api/v1/invoice/ [32m200[0m 39.942 ms - 476[0m
[0mPOST /api/v1/invoice/generate-invoice [32m200[0m 1969.072 ms - 50767[0m
[0mGET /api/v1/invoice/ [36m304[0m 17.244 ms - -[0m
[0mGET /api/v1/invoice/ [36m304[0m 28.199 ms - -[0m
[0mGET /api/v1/invoice/ [36m304[0m 14.379 ms - -[0m
[0mGET /api/v1/invoice/ [36m304[0m 20.243 ms - -[0m
[0mGET /api/v1/invoice/ [36m304[0m 21.967 ms - -[0m
[0mGET /api/v1/invoice/ [36m304[0m 15.970 ms - -[0m
[0mPOST /api/v1/invoice/generate-invoice [32m200[0m 1870.276 ms - 50767[0m
[0mGET /api/v1/products [36m304[0m 18.968 ms - -[0m
[0mGET /api/v1/cart [36m304[0m 36.160 ms - -[0m
[0mGET /api/v1/products [36m304[0m 18.171 ms - -[0m
[0mGET /api/v1/cart [36m304[0m 24.176 ms - -[0m
[0mGET /api/v1/products [36m304[0m 15.472 ms - -[0m
[0mGET /api/v1/cart [36m304[0m 21.294 ms - -[0m
[0mGET /api/v1/products [36m304[0m 13.253 ms - -[0m
[0mGET /api/v1/cart [36m304[0m 104.870 ms - -[0m
[0mGET /api/v1/products [36m304[0m 8.304 ms - -[0m
[0mGET /api/v1/cart [36m304[0m 16.992 ms - -[0m
[0mGET /api/v1/products [36m304[0m 13.006 ms - -[0m
[0mGET /api/v1/cart [36m304[0m 16.187 ms - -[0m
[0mGET /api/v1/invoice/ [36m304[0m 29.053 ms - -[0m
[0mGET /api/v1/invoice/ [36m304[0m 19.200 ms - -[0m
[0mGET /api/v1/invoice/ [36m304[0m 19.712 ms - -[0m
[0mGET /api/v1/invoice/ [36m304[0m 25.434 ms - -[0m
[0mGET /api/v1/invoice/ [36m304[0m 23.040 ms - -[0m
[0mGET /api/v1/cart [36m304[0m 24.936 ms - -[0m
[0mGET /api/v1/products [36m304[0m 33.982 ms - -[0m
[0mGET /api/v1/products [36m304[0m 18.403 ms - -[0m
[0mGET /api/v1/cart [36m304[0m 29.152 ms - -[0m
[0mGET /api/v1/products [36m304[0m 10.064 ms - -[0m
[0mGET /api/v1/cart [36m304[0m 13.538 ms - -[0m
[0mGET /api/v1/products [36m304[0m 14.136 ms - -[0m
[0mGET /api/v1/cart [36m304[0m 20.095 ms - -[0m
[0mGET /api/v1/invoice/ [36m304[0m 13.965 ms - -[0m
[0mGET /api/v1/products [36m304[0m 9.128 ms - -[0m
[0mGET /api/v1/cart [36m304[0m 22.605 ms - -[0m
[0mGET /api/v1/products [36m304[0m 8.210 ms - -[0m
[0mGET /api/v1/cart [36m304[0m 19.296 ms - -[0m
[0mPOST /api/v1/cart/update [32m200[0m 71.116 ms - 20[0m
[0mPOST /api/v1/cart/update [32m200[0m 32.020 ms - 20[0m
[0mPOST /api/v1/cart/update [32m200[0m 8.611 ms - 20[0m
[0mPOST /api/v1/cart/update [32m200[0m 8.551 ms - 20[0m
[0mPOST /api/v1/cart/update [32m200[0m 9.353 ms - 20[0m
[0mPOST /api/v1/cart/update [32m200[0m 20.159 ms - 20[0m
[0mPOST /api/v1/cart/update [32m200[0m 7.898 ms - 20[0m
[0mGET /api/v1/products [36m304[0m 27.651 ms - -[0m
[0mGET /api/v1/cart [32m200[0m 62.986 ms - 146[0m
[0mGET /api/v1/products [36m304[0m 13.476 ms - -[0m
[0mGET /api/v1/cart [36m304[0m 26.406 ms - -[0m
[0mGET /api/v1/invoice/ [36m304[0m 20.564 ms - -[0m
[0mGET /api/v1/products [36m304[0m 12.651 ms - -[0m
[0mGET /api/v1/cart [36m304[0m 32.451 ms - -[0m
[0mGET /api/v1/products [36m304[0m 4.429 ms - -[0m
[0mGET /api/v1/cart [36m304[0m 16.756 ms - -[0m
[0mGET /api/v1/products [36m304[0m 11.490 ms - -[0m
[0mGET /api/v1/cart [36m304[0m 25.716 ms - -[0m
[0mGET /api/v1/products [36m304[0m 9.558 ms - -[0m
[0mGET /api/v1/cart [36m304[0m 24.591 ms - -[0m
[0mGET /api/v1/products [36m304[0m 7.518 ms - -[0m
[0mGET /api/v1/cart [36m304[0m 33.208 ms - -[0m
[0mGET /api/v1/products [36m304[0m 7.900 ms - -[0m
[0mGET /api/v1/cart [36m304[0m 27.042 ms - -[0m
[0mGET /api/v1/products [36m304[0m 5.920 ms - -[0m
[0mGET /api/v1/cart [36m304[0m 16.953 ms - -[0m
[0mGET /api/v1/products [36m304[0m 4.412 ms - -[0m
[0mGET /api/v1/cart [36m304[0m 18.497 ms - -[0m
[0mGET /api/v1/products [36m304[0m 7.759 ms - -[0m
[0mGET /api/v1/cart [36m304[0m 19.709 ms - -[0m
[0mGET /api/v1/products [36m304[0m 14.197 ms - -[0m
[0mGET /api/v1/cart [36m304[0m 24.240 ms - -[0m
[0mGET /api/v1/products [36m304[0m 8.732 ms - -[0m
[0mGET /api/v1/cart [36m304[0m 22.369 ms - -[0m
[0mGET /api/v1/products [36m304[0m 6.724 ms - -[0m
[0mGET /api/v1/cart [36m304[0m 17.738 ms - -[0m
[0mGET /api/v1/products [36m304[0m 11.261 ms - -[0m
[0mGET /api/v1/cart [36m304[0m 22.743 ms - -[0m
[0mGET /api/v1/products [36m304[0m 10.711 ms - -[0m
[0mGET /api/v1/cart [36m304[0m 22.164 ms - -[0m
[0mGET /api/v1/products [36m304[0m 7.663 ms - -[0m
[0mGET /api/v1/cart [36m304[0m 18.833 ms - -[0m
[0mGET /api/v1/products [36m304[0m 9.387 ms - -[0m
[0mGET /api/v1/cart [36m304[0m 19.880 ms - -[0m
[0mGET /api/v1/invoice/ [36m304[0m 25.356 ms - -[0m
[0mGET /api/v1/products [36m304[0m 9.186 ms - -[0m
[0mGET /api/v1/cart [36m304[0m 22.586 ms - -[0m
[0mGET /api/v1/products [36m304[0m 14.328 ms - -[0m
[0mGET /api/v1/cart [36m304[0m 23.072 ms - -[0m
[0mGET /api/v1/products [36m304[0m 12.305 ms - -[0m
[0mGET /api/v1/cart [36m304[0m 84.866 ms - -[0m
[0mGET /api/v1/products [36m304[0m 6.611 ms - -[0m
[0mGET /api/v1/cart [36m304[0m 18.246 ms - -[0m
[0mGET /api/v1/products [36m304[0m 12.844 ms - -[0m
[0mGET /api/v1/cart [36m304[0m 20.599 ms - -[0m
[0mGET /api/v1/products [36m304[0m 10.832 ms - -[0m
[0mGET /api/v1/cart [36m304[0m 21.319 ms - -[0m
[0mGET /api/v1/products [36m304[0m 6.061 ms - -[0m
[0mGET /api/v1/cart [36m304[0m 20.692 ms - -[0m
[0mGET /api/v1/products [36m304[0m 9.013 ms - -[0m
[0mGET /api/v1/cart [36m304[0m 19.829 ms - -[0m
[0mGET /api/v1/products [36m304[0m 13.335 ms - -[0m
[0mGET /api/v1/cart [36m304[0m 35.085 ms - -[0m
[0mGET /api/v1/products [36m304[0m 12.580 ms - -[0m
[0mGET /api/v1/cart [36m304[0m 32.364 ms - -[0m
[0mGET /api/v1/products [36m304[0m 12.205 ms - -[0m
[0mGET /api/v1/cart [36m304[0m 24.634 ms - -[0m
[0mGET /api/v1/products [36m304[0m 9.940 ms - -[0m
[0mGET /api/v1/cart [36m304[0m 15.443 ms - -[0m
[0mGET /api/v1/products [36m304[0m 13.014 ms - -[0m
[0mGET /api/v1/cart [36m304[0m 25.546 ms - -[0m
[0mGET /api/v1/products [36m304[0m 10.446 ms - -[0m
[0mGET /api/v1/cart [36m304[0m 34.123 ms - -[0m
[0mGET /api/v1/products [36m304[0m 16.924 ms - -[0m
[0mGET /api/v1/cart [36m304[0m 32.441 ms - -[0m
[0mGET /api/v1/products [36m304[0m 15.270 ms - -[0m
[0mGET /api/v1/cart [36m304[0m 33.563 ms - -[0m
[0mGET /api/v1/products [36m304[0m 8.196 ms - -[0m
[0mGET /api/v1/cart [36m304[0m 18.153 ms - -[0m
[0mPOST /api/v1/cart/update [32m200[0m 35.321 ms - 20[0m
[0mPOST /api/v1/cart/update [32m200[0m 11.923 ms - 20[0m
[0mGET /api/v1/products [36m304[0m 10.725 ms - -[0m
[0mGET /api/v1/cart [32m200[0m 31.974 ms - 147[0m
[0mGET /api/v1/products [36m304[0m 11.980 ms - -[0m
[0mGET /api/v1/cart [36m304[0m 27.937 ms - -[0m
[0mPOST /api/v1/cart/update [32m200[0m 7.128 ms - 20[0m
[0mPOST /api/v1/cart/update [32m200[0m 13.487 ms - 20[0m
[0mPOST /api/v1/cart/update [32m200[0m 9.222 ms - 20[0m
[0mPOST /api/v1/cart/update [32m200[0m 12.147 ms - 20[0m
[0mPOST /api/v1/cart/update [32m200[0m 8.006 ms - 20[0m
[0mPOST /api/v1/cart/update [32m200[0m 8.886 ms - 20[0m
[0mPOST /api/v1/cart/update [32m200[0m 8.045 ms - 20[0m
[0mPOST /api/v1/cart/update [32m200[0m 7.935 ms - 20[0m
[0mGET /api/v1/products [36m304[0m 11.396 ms - -[0m
[0mGET /api/v1/cart [32m200[0m 27.484 ms - 146[0m
[0mGET /api/v1/products [36m304[0m 9.230 ms - -[0m
[0mGET /api/v1/cart [36m304[0m 28.922 ms - -[0m
[0mGET /api/v1/products [36m304[0m 13.975 ms - -[0m
[0mGET /api/v1/cart [36m304[0m 29.913 ms - -[0m
[0mGET /api/v1/products [36m304[0m 8.058 ms - -[0m
[0mGET /api/v1/cart [36m304[0m 32.286 ms - -[0m
[0mPOST /api/v1/cart/update [32m200[0m 7.267 ms - 20[0m
[0mPOST /api/v1/cart/update [32m200[0m 7.165 ms - 20[0m
[0mPOST /api/v1/cart/update [32m200[0m 6.974 ms - 20[0m
[0mPOST /api/v1/cart/update [32m200[0m 7.567 ms - 20[0m
[0mPOST /api/v1/cart/update [32m200[0m 8.477 ms - 20[0m
[0mPOST /api/v1/cart/update [32m200[0m 6.380 ms - 20[0m
[0mPOST /api/v1/cart/update [32m200[0m 7.474 ms - 20[0m
[0mPOST /api/v1/cart/update [32m200[0m 6.476 ms - 20[0m
[0mPOST /api/v1/cart/update [32m200[0m 7.527 ms - 20[0m
[0mPOST /api/v1/cart/update [32m200[0m 9.928 ms - 20[0m
[0mPOST /api/v1/cart/update [32m200[0m 9.432 ms - 20[0m
[0mPOST /api/v1/cart/update [32m200[0m 8.303 ms - 20[0m
[0mPOST /api/v1/cart/update [32m200[0m 7.049 ms - 20[0m
[0mPOST /api/v1/cart/update [32m200[0m 7.720 ms - 20[0m
[0mGET /api/v1/products [36m304[0m 9.640 ms - -[0m
[0mGET /api/v1/cart [32m200[0m 21.994 ms - 146[0m
[0mGET /api/v1/products [36m304[0m 8.034 ms - -[0m
[0mGET /api/v1/cart [36m304[0m 23.749 ms - -[0m
[0mGET /api/v1/products [36m304[0m 6.194 ms - -[0m
[0mGET /api/v1/cart [36m304[0m 16.661 ms - -[0m
[0mGET /api/v1/cart [36m304[0m 21.486 ms - -[0m
[0mGET /api/v1/products [36m304[0m 26.007 ms - -[0m
[0mGET /api/v1/products [36m304[0m 14.129 ms - -[0m
[0mGET /api/v1/cart [36m304[0m 28.274 ms - -[0m
[0mGET /api/v1/products [36m304[0m 12.929 ms - -[0m
[0mGET /api/v1/cart [36m304[0m 44.494 ms - -[0m
[0mGET /api/v1/products [36m304[0m 9.866 ms - -[0m
[0mGET /api/v1/cart [36m304[0m 27.087 ms - -[0m
[0mGET /api/v1/products [36m304[0m 9.254 ms - -[0m
[0mGET /api/v1/cart [36m304[0m 29.292 ms - -[0m
[0mGET /api/v1/products [36m304[0m 11.241 ms - -[0m
[0mGET /api/v1/cart [36m304[0m 26.273 ms - -[0m
[0mGET /api/v1/products [36m304[0m 7.127 ms - -[0m
[0mGET /api/v1/cart [36m304[0m 28.151 ms - -[0m
[0mGET /api/v1/products [36m304[0m 8.144 ms - -[0m
[0mGET /api/v1/cart [36m304[0m 29.210 ms - -[0m
[0mGET /api/v1/products [36m304[0m 4.625 ms - -[0m
[0mGET /api/v1/cart [36m304[0m 18.209 ms - -[0m
[0mGET /api/v1/products [36m304[0m 7.080 ms - -[0m
[0mGET /api/v1/cart [36m304[0m 18.636 ms - -[0m
[0mGET /api/v1/products [36m304[0m 11.543 ms - -[0m
[0mGET /api/v1/cart [36m304[0m 32.502 ms - -[0m
[0mGET /api/v1/products [36m304[0m 10.512 ms - -[0m
[0mGET /api/v1/cart [36m304[0m 20.715 ms - -[0m
[0mGET /api/v1/products [36m304[0m 14.323 ms - -[0m
[0mGET /api/v1/cart [36m304[0m 25.020 ms - -[0m
[0mGET /api/v1/products [36m304[0m 11.624 ms - -[0m
[0mGET /api/v1/cart [36m304[0m 22.686 ms - -[0m
[0mGET /api/v1/products [36m304[0m 9.348 ms - -[0m
[0mGET /api/v1/cart [36m304[0m 20.375 ms - -[0m
[0mGET /api/v1/products [36m304[0m 6.984 ms - -[0m
[0mGET /api/v1/cart [36m304[0m 19.337 ms - -[0m
[0mGET /api/v1/products [36m304[0m 12.405 ms - -[0m
[0mGET /api/v1/cart [36m304[0m 25.234 ms - -[0m
[0mGET /api/v1/products [36m304[0m 9.520 ms - -[0m
[0mGET /api/v1/cart [36m304[0m 21.407 ms - -[0m
[0mGET /api/v1/products [36m304[0m 8.229 ms - -[0m
[0mGET /api/v1/cart [36m304[0m 17.991 ms - -[0m
[0mGET /api/v1/products [36m304[0m 10.559 ms - -[0m
[0mGET /api/v1/cart [36m304[0m 22.809 ms - -[0m
[0mGET /api/v1/products [36m304[0m 11.691 ms - -[0m
[0mGET /api/v1/cart [36m304[0m 23.041 ms - -[0m
[0mGET /api/v1/products [36m304[0m 8.373 ms - -[0m
[0mGET /api/v1/cart [36m304[0m 22.383 ms - -[0m
[0mGET /api/v1/products [36m304[0m 9.827 ms - -[0m
[0mGET /api/v1/cart [36m304[0m 26.034 ms - -[0m
[0mGET /api/v1/products [36m304[0m 68.209 ms - -[0m
[0mGET /api/v1/cart [36m304[0m 168.097 ms - -[0m
[0mGET /api/v1/products [36m304[0m 6.996 ms - -[0m
[0mGET /api/v1/cart [36m304[0m 15.393 ms - -[0m
[0mGET /api/v1/products [36m304[0m 8.629 ms - -[0m
[0mGET /api/v1/cart [36m304[0m 15.358 ms - -[0m
[0mGET /api/v1/products [36m304[0m 13.853 ms - -[0m
[0mGET /api/v1/cart [36m304[0m 16.422 ms - -[0m
[0mGET /api/v1/cart [36m304[0m 28.905 ms - -[0m
[0mGET /api/v1/products [36m304[0m 29.665 ms - -[0m
[0mGET /api/v1/products [36m304[0m 15.303 ms - -[0m
[0mGET /api/v1/cart [36m304[0m 28.622 ms - -[0m
[0mGET /api/v1/products [36m304[0m 6.977 ms - -[0m
[0mGET /api/v1/cart [36m304[0m 16.621 ms - -[0m
[0mGET /api/v1/products [36m304[0m 9.146 ms - -[0m
[0mGET /api/v1/cart [36m304[0m 19.607 ms - -[0m
[0mGET /api/v1/products [36m304[0m 8.436 ms - -[0m
[0mGET /api/v1/cart [36m304[0m 19.536 ms - -[0m
[0mGET /api/v1/products [36m304[0m 7.869 ms - -[0m
[0mGET /api/v1/cart [36m304[0m 18.194 ms - -[0m
[0mGET /api/v1/products [36m304[0m 7.281 ms - -[0m
[0mGET /api/v1/cart [36m304[0m 17.714 ms - -[0m
[0mGET /api/v1/products [36m304[0m 12.495 ms - -[0m
[0mGET /api/v1/cart [36m304[0m 27.813 ms - -[0m
[0mGET /api/v1/products [36m304[0m 11.109 ms - -[0m
[0mGET /api/v1/cart [36m304[0m 28.313 ms - -[0m
[0mGET /api/v1/products [36m304[0m 5.785 ms - -[0m
[0mGET /api/v1/cart [36m304[0m 56.368 ms - -[0m
[0mGET /api/v1/products [36m304[0m 9.245 ms - -[0m
[0mGET /api/v1/cart [36m304[0m 23.310 ms - -[0m
[0mGET /api/v1/products [36m304[0m 10.435 ms - -[0m
[0mGET /api/v1/cart [36m304[0m 45.770 ms - -[0m
[0mGET /api/v1/products [36m304[0m 11.217 ms - -[0m
[0mGET /api/v1/cart [36m304[0m 20.154 ms - -[0m
[0mGET /api/v1/products [36m304[0m 7.540 ms - -[0m
[0mGET /api/v1/cart [36m304[0m 24.983 ms - -[0m
[0mGET /api/v1/products [36m304[0m 6.641 ms - -[0m
[0mGET /api/v1/cart [36m304[0m 21.287 ms - -[0m
[0mGET /api/v1/products [36m304[0m 9.211 ms - -[0m
[0mGET /api/v1/cart [36m304[0m 22.850 ms - -[0m
[0mGET /api/v1/products [36m304[0m 6.665 ms - -[0m
[0mGET /api/v1/cart [36m304[0m 23.053 ms - -[0m
[0mGET /api/v1/products [36m304[0m 7.524 ms - -[0m
[0mGET /api/v1/cart [36m304[0m 18.229 ms - -[0m
[0mGET /api/v1/products [36m304[0m 13.763 ms - -[0m
[0mGET /api/v1/cart [36m304[0m 25.606 ms - -[0m
[0mGET /api/v1/products [36m304[0m 11.452 ms - -[0m
[0mGET /api/v1/cart [36m304[0m 27.781 ms - -[0m
[0mGET /api/v1/products [36m304[0m 7.564 ms - -[0m
[0mGET /api/v1/cart [36m304[0m 25.026 ms - -[0m
[0mGET /api/v1/products [36m304[0m 8.864 ms - -[0m
[0mGET /api/v1/cart [36m304[0m 23.637 ms - -[0m
[0mGET /api/v1/products [36m304[0m 5.623 ms - -[0m
[0mGET /api/v1/cart [36m304[0m 16.958 ms - -[0m
[0mGET /api/v1/products [36m304[0m 8.172 ms - -[0m
[0mGET /api/v1/cart [36m304[0m 22.823 ms - -[0m
[0mGET /api/v1/products [36m304[0m 7.833 ms - -[0m
[0mGET /api/v1/cart [36m304[0m 20.171 ms - -[0m
[0mGET /api/v1/products [36m304[0m 10.769 ms - -[0m
[0mGET /api/v1/cart [36m304[0m 27.510 ms - -[0m
[0mGET /api/v1/products [36m304[0m 12.478 ms - -[0m
[0mGET /api/v1/cart [36m304[0m 32.253 ms - -[0m
[0mGET /api/v1/products [36m304[0m 6.828 ms - -[0m
[0mGET /api/v1/cart [36m304[0m 19.199 ms - -[0m
[0mGET /api/v1/products [36m304[0m 7.632 ms - -[0m
[0mGET /api/v1/cart [36m304[0m 28.202 ms - -[0m
[0mGET /api/v1/products [36m304[0m 7.671 ms - -[0m
[0mGET /api/v1/cart [36m304[0m 19.361 ms - -[0m
[0mGET /api/v1/products [36m304[0m 69.045 ms - -[0m
[0mGET /api/v1/cart [36m304[0m 176.590 ms - -[0m
[0mGET /api/v1/products [36m304[0m 3.744 ms - -[0m
[0mGET /api/v1/cart [36m304[0m 15.894 ms - -[0m
[0mGET /api/v1/products [36m304[0m 5.798 ms - -[0m
[0mGET /api/v1/cart [36m304[0m 16.569 ms - -[0m
[0mGET /api/v1/products [36m304[0m 10.054 ms - -[0m
[0mGET /api/v1/cart [36m304[0m 35.303 ms - -[0m
[0mGET /api/v1/products [36m304[0m 4.119 ms - -[0m
[0mGET /api/v1/cart [36m304[0m 20.787 ms - -[0m
[0mGET /api/v1/products [36m304[0m 4.949 ms - -[0m
[0mGET /api/v1/cart [36m304[0m 26.675 ms - -[0m
[0mGET /api/v1/products [36m304[0m 6.370 ms - -[0m
[0mGET /api/v1/cart [36m304[0m 29.888 ms - -[0m
[0mGET /api/v1/products [36m304[0m 10.842 ms - -[0m
[0mGET /api/v1/cart [36m304[0m 35.699 ms - -[0m
[0mGET /api/v1/products [36m304[0m 4.943 ms - -[0m
[0mGET /api/v1/cart [36m304[0m 17.544 ms - -[0m
[0mGET /api/v1/products [36m304[0m 10.333 ms - -[0m
[0mGET /api/v1/cart [36m304[0m 25.721 ms - -[0m
[0mGET /api/v1/products [36m304[0m 6.532 ms - -[0m
[0mGET /api/v1/cart [36m304[0m 27.406 ms - -[0m
[0mGET /api/v1/products [36m304[0m 6.221 ms - -[0m
[0mGET /api/v1/cart [36m304[0m 19.129 ms - -[0m
[0mGET /api/v1/products [36m304[0m 10.589 ms - -[0m
[0mGET /api/v1/cart [36m304[0m 34.577 ms - -[0m
[0mGET /api/v1/products [36m304[0m 5.294 ms - -[0m
[0mGET /api/v1/cart [36m304[0m 26.699 ms - -[0m
[0mGET /api/v1/products [36m304[0m 6.269 ms - -[0m
[0mGET /api/v1/cart [36m304[0m 17.263 ms - -[0m
[0mGET /api/v1/products [36m304[0m 7.473 ms - -[0m
[0mGET /api/v1/cart [36m304[0m 18.213 ms - -[0m
[0mGET /api/v1/products [36m304[0m 7.000 ms - -[0m
[0mGET /api/v1/cart [36m304[0m 18.522 ms - -[0m
[0mGET /api/v1/products [36m304[0m 9.660 ms - -[0m
[0mGET /api/v1/cart [36m304[0m 20.425 ms - -[0m
[0mGET /api/v1/products [36m304[0m 5.810 ms - -[0m
[0mGET /api/v1/cart [36m304[0m 19.229 ms - -[0m
[0mGET /api/v1/products [36m304[0m 6.855 ms - -[0m
[0mGET /api/v1/cart [36m304[0m 18.971 ms - -[0m
[0mGET /api/v1/products [36m304[0m 5.880 ms - -[0m
[0mGET /api/v1/cart [36m304[0m 16.876 ms - -[0m
[0mGET /api/v1/products [36m304[0m 8.968 ms - -[0m
[0mGET /api/v1/cart [36m304[0m 19.765 ms - -[0m
[0mGET /api/v1/products [36m304[0m 7.673 ms - -[0m
[0mGET /api/v1/cart [36m304[0m 18.090 ms - -[0m
[0mGET /api/v1/products [36m304[0m 6.004 ms - -[0m
[0mGET /api/v1/cart [36m304[0m 14.614 ms - -[0m
[0mGET /api/v1/products [36m304[0m 12.101 ms - -[0m
[0mGET /api/v1/cart [36m304[0m 31.777 ms - -[0m
[0mGET /api/v1/products [36m304[0m 8.533 ms - -[0m
[0mGET /api/v1/cart [36m304[0m 31.121 ms - -[0m
[0mGET /api/v1/products [36m304[0m 8.081 ms - -[0m
[0mGET /api/v1/cart [36m304[0m 35.554 ms - -[0m
[0mGET /api/v1/products [36m304[0m 10.356 ms - -[0m
[0mGET /api/v1/cart [36m304[0m 26.777 ms - -[0m
[0mGET /api/v1/products [36m304[0m 6.413 ms - -[0m
[0mGET /api/v1/cart [36m304[0m 18.596 ms - -[0m
[0mGET /api/v1/products [36m304[0m 4.372 ms - -[0m
[0mGET /api/v1/cart [36m304[0m 18.034 ms - -[0m
[0mGET /api/v1/products [36m304[0m 5.226 ms - -[0m
[0mGET /api/v1/cart [36m304[0m 16.265 ms - -[0m
[0mGET /api/v1/products [36m304[0m 3.958 ms - -[0m
[0mGET /api/v1/cart [36m304[0m 14.547 ms - -[0m
[0mPOST /api/v1/cart/update [32m200[0m 54.924 ms - 20[0m
[0mPOST /api/v1/cart/update [32m200[0m 6.541 ms - 20[0m
[0mPOST /api/v1/cart/update [32m200[0m 6.351 ms - 20[0m
[0mPOST /api/v1/cart/update [32m200[0m 9.503 ms - 20[0m
[0mPOST /api/v1/cart/update [32m200[0m 10.170 ms - 20[0m
[0mPOST /api/v1/cart/update [32m200[0m 13.680 ms - 20[0m
[0mPOST /api/v1/cart/update [32m200[0m 7.832 ms - 20[0m
[0mGET /api/v1/invoice/ [36m304[0m 16.075 ms - -[0m
[0mPOST /api/v1/invoice/generate-invoice [32m200[0m 2122.359 ms - 50767[0m
[0mGET /api/v1/products [36m304[0m 9.763 ms - -[0m
[0mGET /api/v1/cart [32m200[0m 26.548 ms - 146[0m
[0mPOST /api/v1/cart/place-order [32m200[0m 116.817 ms - 20[0m
[0mPOST /api/v1/cart/place-order [32m200[0m 99.472 ms - 20[0m
[0mGET /api/v1/invoice/ [32m200[0m 45.370 ms - 514[0m
[0mPOST /api/v1/invoice/generate-invoice [32m200[0m 1870.470 ms - 51864[0m
[0mPOST /api/v1/invoice/generate-invoice [32m200[0m 2502.114 ms - 51864[0m
[0mGET /api/v1/products [36m304[0m 10.493 ms - -[0m
[0mGET /api/v1/cart [36m304[0m 26.036 ms - -[0m
[0mPOST /api/v1/cart/place-order [32m200[0m 68.227 ms - 20[0m
[0mGET /api/v1/invoice/ [32m200[0m 17.252 ms - 533[0m
[0mGET /api/v1/invoice/ [36m304[0m 12.586 ms - -[0m
[0mGET /api/v1/products [36m304[0m 11.871 ms - -[0m
[0mGET /api/v1/cart [36m304[0m 31.764 ms - -[0m
[0mGET /api/v1/products [36m304[0m 11.367 ms - -[0m
[0mGET /api/v1/cart [36m304[0m 26.633 ms - -[0m
[0mPOST /api/v1/cart/update [32m200[0m 11.160 ms - 20[0m
[0mPOST /api/v1/cart/update [32m200[0m 8.764 ms - 20[0m
[0mPOST /api/v1/cart/update [32m200[0m 12.045 ms - 20[0m
[0mPOST /api/v1/cart/update [32m200[0m 6.921 ms - 20[0m
[0mPOST /api/v1/cart/update [32m200[0m 7.750 ms - 20[0m
[0mPOST /api/v1/cart/update [32m200[0m 7.119 ms - 20[0m
[0mPOST /api/v1/cart/update [32m200[0m 7.403 ms - 20[0m
[0mPOST /api/v1/cart/update [32m200[0m 6.792 ms - 20[0m
[0mPOST /api/v1/cart/update [32m200[0m 7.570 ms - 20[0m
[0mPOST /api/v1/cart/update [32m200[0m 7.488 ms - 20[0m
[0mPOST /api/v1/cart/update [32m200[0m 7.088 ms - 20[0m
[0mPOST /api/v1/cart/update [32m200[0m 7.872 ms - 20[0m
[0mPOST /api/v1/cart/update [32m200[0m 9.132 ms - 20[0m
[0mPOST /api/v1/cart/update [32m200[0m 8.333 ms - 20[0m
[0mPOST /api/v1/cart/update [32m200[0m 8.818 ms - 20[0m
[0mPOST /api/v1/cart/update [32m200[0m 7.037 ms - 20[0m
[0mPOST /api/v1/cart/update [32m200[0m 7.841 ms - 20[0m
[0mPOST /api/v1/cart/update [32m200[0m 8.009 ms - 20[0m
[0mPOST /api/v1/cart/place-order [32m200[0m 126.118 ms - 20[0m
[0mPOST /api/v1/cart/place-order [32m200[0m 62.931 ms - 20[0m
[0mPOST /api/v1/cart/place-order [32m200[0m 70.541 ms - 20[0m
[0mGET /api/v1/invoice/ [32m200[0m 28.135 ms - 590[0m
[0mPOST /api/v1/invoice/generate-invoice [32m200[0m 1890.974 ms - 51287[0m
[0mPOST /api/v1/cart/place-order [32m200[0m 130.979 ms - 20[0m
[0mPOST /api/v1/invoice/generate-invoice [32m200[0m 1977.956 ms - 51287[0m
[0mPOST /api/v1/cart/place-order [32m200[0m 111.855 ms - 20[0m
[0mGET /api/v1/invoice/ [32m200[0m 63.171 ms - 628[0m
[0mPOST /api/v1/invoice/generate-invoice [32m200[0m 1854.491 ms - 51902[0m
[0mPOST /api/v1/cart/place-order [32m200[0m 120.489 ms - 20[0m
[0mGET /api/v1/invoice/ [32m200[0m 58.216 ms - 647[0m
[0mPOST /api/v1/invoice/generate-invoice [32m200[0m 1926.998 ms - 51901[0m
[0mPOST /api/v1/cart/place-order [32m200[0m 107.702 ms - 20[0m
[0mGET /api/v1/invoice/ [32m200[0m 58.289 ms - 666[0m
[0mPOST /api/v1/invoice/generate-invoice [32m200[0m 1840.038 ms - 52210[0m
[0mPOST /api/v1/cart/update [32m200[0m 17.853 ms - 20[0m
[0mPOST /api/v1/cart/update [32m200[0m 8.404 ms - 20[0m
[0mPOST /api/v1/cart/update [32m200[0m 8.088 ms - 20[0m
[0mPOST /api/v1/cart/update [32m200[0m 7.050 ms - 20[0m
[0mPOST /api/v1/cart/update [32m200[0m 7.452 ms - 20[0m
[0mPOST /api/v1/cart/update [32m200[0m 7.834 ms - 20[0m
[0mPOST /api/v1/cart/update [32m200[0m 8.378 ms - 20[0m
[0mPOST /api/v1/cart/update [32m200[0m 10.390 ms - 20[0m
[0mPOST /api/v1/cart/update [32m200[0m 7.796 ms - 20[0m
[0mPOST /api/v1/cart/update [32m200[0m 8.378 ms - 20[0m
[0mPOST /api/v1/cart/update [32m200[0m 7.131 ms - 20[0m
[0mPOST /api/v1/cart/update [32m200[0m 7.763 ms - 20[0m
[0mPOST /api/v1/cart/update [32m200[0m 7.234 ms - 20[0m
[0mPOST /api/v1/cart/update [32m200[0m 8.250 ms - 20[0m
[0mPOST /api/v1/cart/update [32m200[0m 7.998 ms - 20[0m
[0mPOST /api/v1/cart/update [32m200[0m 9.311 ms - 20[0m
[0mPOST /api/v1/cart/update [32m200[0m 7.425 ms - 20[0m
[0mPOST /api/v1/cart/update [32m200[0m 6.264 ms - 20[0m
[0mPOST /api/v1/cart/update [32m200[0m 7.109 ms - 20[0m
[0mPOST /api/v1/cart/update [32m200[0m 7.805 ms - 20[0m
[0mPOST /api/v1/cart/update [32m200[0m 7.475 ms - 20[0m
[0mPOST /api/v1/cart/update [32m200[0m 6.296 ms - 20[0m
[0mPOST /api/v1/cart/update [32m200[0m 8.975 ms - 20[0m
[0mPOST /api/v1/cart/update [32m200[0m 6.504 ms - 20[0m
[0mPOST /api/v1/cart/update [32m200[0m 7.514 ms - 20[0m
[0mPOST /api/v1/cart/update [32m200[0m 6.994 ms - 20[0m
[0mPOST /api/v1/cart/update [32m200[0m 6.256 ms - 20[0m
[0mPOST /api/v1/cart/update [32m200[0m 7.057 ms - 20[0m
[0mPOST /api/v1/cart/update [32m200[0m 6.601 ms - 20[0m
[0mPOST /api/v1/cart/update [32m200[0m 6.443 ms - 20[0m
[0mPOST /api/v1/cart/place-order [32m200[0m 32.128 ms - 20[0m
[0mGET /api/v1/invoice/ [32m200[0m 54.277 ms - 685[0m
[0mPOST /api/v1/invoice/generate-invoice [32m200[0m 1801.871 ms - 49394[0m
[0mPOST /api/v1/cart/update [32m200[0m 7.836 ms - 20[0m
[0mPOST /api/v1/cart/update [32m200[0m 16.482 ms - 20[0m
[0mPOST /api/v1/cart/update [32m200[0m 7.366 ms - 20[0m
[0mPOST /api/v1/cart/place-order [32m200[0m 38.959 ms - 20[0m
[0mGET /api/v1/invoice/ [32m200[0m 45.111 ms - 704[0m
[0mPOST /api/v1/invoice/generate-invoice [32m200[0m 1892.845 ms - 49498[0m
[0mGET /api/v1/invoice/ [36m304[0m 30.210 ms - -[0m
[0mGET /api/v1/products [36m304[0m 18.858 ms - -[0m
[0mGET /api/v1/cart [32m200[0m 22.346 ms - 30[0m
[0mPOST /api/v1/cart/update [32m200[0m 5.548 ms - 20[0m
[0mPOST /api/v1/cart/update [32m200[0m 5.030 ms - 20[0m
[0mPOST /api/v1/cart/update [32m200[0m 7.963 ms - 20[0m
[0mPOST /api/v1/cart/update [32m200[0m 6.260 ms - 20[0m
[0mPOST /api/v1/cart/update [32m200[0m 7.005 ms - 20[0m
[0mPOST /api/v1/cart/update [32m200[0m 6.143 ms - 20[0m
[0mPOST /api/v1/cart/update [32m200[0m 6.762 ms - 20[0m
[0mPOST /api/v1/cart/update [32m200[0m 7.272 ms - 20[0m
[0mPOST /api/v1/cart/update [32m200[0m 6.730 ms - 20[0m
[0mGET /api/v1/products [36m304[0m 10.638 ms - -[0m
[0mGET /api/v1/cart [32m200[0m 19.519 ms - 88[0m
[0mPOST /api/v1/cart/update [32m200[0m 9.279 ms - 20[0m
[0mPOST /api/v1/cart/update [32m200[0m 7.268 ms - 20[0m
[0mPOST /api/v1/cart/update [32m200[0m 9.048 ms - 20[0m
[0mPOST /api/v1/cart/update [32m200[0m 7.398 ms - 20[0m
[0mPOST /api/v1/cart/update [32m200[0m 6.521 ms - 20[0m
[0mPOST /api/v1/cart/update [32m200[0m 7.806 ms - 20[0m
[0mPOST /api/v1/cart/update [32m200[0m 5.798 ms - 20[0m
[0mGET /api/v1/products [36m304[0m 18.989 ms - -[0m
[0mGET /api/v1/cart [32m200[0m 20.764 ms - 30[0m
[0mPOST /api/v1/cart/update [32m200[0m 7.610 ms - 20[0m
[0mPOST /api/v1/cart/update [32m200[0m 5.436 ms - 20[0m
[0mGET /api/v1/products [36m304[0m 10.109 ms - -[0m
[0mGET /api/v1/cart [32m200[0m 25.183 ms - 88[0m
[0mPOST /api/v1/cart/update [32m200[0m 6.570 ms - 20[0m
[0mPOST /api/v1/cart/update [32m200[0m 10.288 ms - 20[0m
[0mPOST /api/v1/cart/update [32m200[0m 7.201 ms - 20[0m
[0mPOST /api/v1/cart/update [32m200[0m 8.251 ms - 20[0m
[0mPOST /api/v1/cart/place-order [32m200[0m 68.929 ms - 20[0m
[0mGET /api/v1/invoice/ [32m200[0m 48.059 ms - 717[0m
[0mPOST /api/v1/invoice/generate-invoice [32m200[0m 1760.444 ms - 50278[0m
[0mGET /api/v1/products [36m304[0m 13.005 ms - -[0m
[0mGET /api/v1/cart [32m200[0m 21.809 ms - 88[0m
[0mPOST /api/v1/cart/update [32m200[0m 5.217 ms - 20[0m
[0mPOST /api/v1/cart/update [32m200[0m 6.718 ms - 20[0m
[0mPOST /api/v1/cart/update [32m200[0m 8.335 ms - 20[0m
[0mPOST /api/v1/cart/update [32m200[0m 8.322 ms - 20[0m
[0mPOST /api/v1/cart/update [32m200[0m 6.430 ms - 20[0m
[0mGET /api/v1/products [36m304[0m 15.578 ms - -[0m
[0mGET /api/v1/cart [32m200[0m 41.209 ms - 175[0m
[0mPOST /api/v1/cart/place-order [32m200[0m 70.241 ms - 20[0m
[0mGET /api/v1/invoice/ [32m200[0m 55.627 ms - 730[0m
[0mPOST /api/v1/invoice/generate-invoice [32m200[0m 1802.626 ms - 52254[0m
[0mGET /api/v1/products [36m304[0m 72.052 ms - -[0m
[0mGET /api/v1/cart [36m304[0m 118.632 ms - -[0m
[0mPOST /api/v1/cart/update [32m200[0m 23.975 ms - 20[0m
[0mPOST /api/v1/cart/update [32m200[0m 16.550 ms - 20[0m
[0mPOST /api/v1/cart/update [32m200[0m 12.599 ms - 20[0m
[0mPOST /api/v1/cart/update [32m200[0m 10.502 ms - 20[0m
[0mPOST /api/v1/cart/update [32m200[0m 9.107 ms - 20[0m
[0mPOST /api/v1/cart/update [32m200[0m 8.503 ms - 20[0m
[0mPOST /api/v1/cart/update [32m200[0m 11.428 ms - 20[0m
[0mPOST /api/v1/cart/update [32m200[0m 7.678 ms - 20[0m
[0mPOST /api/v1/cart/place-order [32m200[0m 54.938 ms - 20[0m
[0mPOST /api/v1/cart/place-order [32m200[0m 40.076 ms - 20[0m
[0mPOST /api/v1/cart/place-order [32m200[0m 28.132 ms - 20[0m
[0mPOST /api/v1/cart/place-order [32m200[0m 54.454 ms - 20[0m
[0mPOST /api/v1/cart/place-order [32m200[0m 33.111 ms - 20[0m
[0mPOST /api/v1/cart/place-order [32m200[0m 28.691 ms - 20[0m
[0mPOST /api/v1/cart/place-order [32m200[0m 37.094 ms - 20[0m
[0mGET /api/v1/invoice/ [32m200[0m 83.231 ms - 821[0m
[0mPOST /api/v1/invoice/generate-invoice [32m200[0m 6186.183 ms - 49006[0m
[0mPOST /api/v1/invoice/generate-invoice [32m200[0m 2196.100 ms - 49006[0m
[0mPOST /api/v1/cart/place-order [32m200[0m 71.083 ms - 20[0m
[0mGET /api/v1/invoice/ [32m200[0m 77.352 ms - 834[0m
[0mPOST /api/v1/invoice/generate-invoice [32m200[0m 1914.787 ms - 49005[0m
[0mPOST /api/v1/cart/place-order [32m200[0m 35.740 ms - 20[0m
[0mGET /api/v1/invoice/ [32m200[0m 81.598 ms - 847[0m
[0mPOST /api/v1/invoice/generate-invoice [32m200[0m 1856.177 ms - 48997[0m
[0mGET /api/v1/products [36m304[0m 36.645 ms - -[0m
[0mGET /api/v1/cart [32m200[0m 38.306 ms - 30[0m
[0mPOST /api/v1/cart/place-order [32m200[0m 53.903 ms - 20[0m
[0mGET /api/v1/invoice/ [32m200[0m 74.969 ms - 860[0m
[0mPOST /api/v1/invoice/generate-invoice [32m200[0m 1868.512 ms - 48996[0m
[0mGET /api/v1/products [32m200[0m 41.404 ms - 2532[0m
[0mGET /api/v1/cart [32m200[0m 44.616 ms - 30[0m
[0mPOST /api/v1/cart/update [32m200[0m 21.676 ms - 20[0m
[0mPOST /api/v1/cart/update [32m200[0m 16.788 ms - 20[0m
[0mPOST /api/v1/cart/update [32m200[0m 15.886 ms - 20[0m
[0mPOST /api/v1/cart/update [32m200[0m 7.029 ms - 20[0m
[0mPOST /api/v1/cart/update [32m200[0m 8.775 ms - 20[0m
[0mPOST /api/v1/cart/update [32m200[0m 8.433 ms - 20[0m
[0mPOST /api/v1/cart/update [32m200[0m 8.973 ms - 20[0m
[0mPOST /api/v1/cart/update [32m200[0m 9.054 ms - 20[0m
[0mGET /api/v1/products [36m304[0m 74.291 ms - -[0m
[0mGET /api/v1/cart [32m200[0m 155.296 ms - 88[0m
[0mPOST /api/v1/cart/place-order [32m200[0m 73.530 ms - 20[0m
[0mGET /api/v1/invoice/ [32m200[0m 78.000 ms - 873[0m
[0mPOST /api/v1/invoice/generate-invoice [32m200[0m 2285.501 ms - 51330[0m
[0mGET /api/v1/products [36m304[0m 48.659 ms - -[0m
[0mGET /api/v1/cart [36m304[0m 67.850 ms - -[0m
[0mGET /api/v1/products [36m304[0m 17.780 ms - -[0m
[0mGET /api/v1/cart [36m304[0m 29.235 ms - -[0m
[0mPOST /api/v1/cart/place-order [32m200[0m 96.609 ms - 20[0m
[0mPOST /api/v1/cart/place-order [32m200[0m 57.899 ms - 20[0m
[0mGET /api/v1/invoice/ [32m200[0m 77.786 ms - 899[0m
[0mPOST /api/v1/invoice/generate-invoice [32m200[0m 1931.600 ms - 51324[0m
[0mGET /api/v1/invoice/ [36m304[0m 77.213 ms - -[0m
[0mGET /api/v1/cart [36m304[0m 30.933 ms - -[0m
[0mGET /api/v1/products [36m304[0m 42.030 ms - -[0m
[0mGET /api/v1/products [36m304[0m 15.081 ms - -[0m
[0mGET /api/v1/cart [36m304[0m 32.674 ms - -[0m
[0mPOST /api/v1/cart/update [32m200[0m 23.974 ms - 20[0m
[0mGET /api/v1/products [36m304[0m 25.172 ms - -[0m
[0mGET /api/v1/cart [32m200[0m 41.745 ms - 117[0m
[0mPOST /api/v1/cart/place-order [32m200[0m 69.876 ms - 20[0m
[0mGET /api/v1/cart [36m304[0m 21.463 ms - -[0m
[0mGET /api/v1/products [36m304[0m 31.893 ms - -[0m
[0mGET /api/v1/products [36m304[0m 12.508 ms - -[0m
[0mGET /api/v1/cart [36m304[0m 26.545 ms - -[0m
[0mGET /api/v1/products [36m304[0m 10.474 ms - -[0m
[0mGET /api/v1/cart [36m304[0m 22.064 ms - -[0m
[0mPOST /api/v1/cart/place-order [32m200[0m 181.853 ms - 20[0m
[0mGET /api/v1/products [36m304[0m 23.944 ms - -[0m
[0mGET /api/v1/cart [36m304[0m 39.639 ms - -[0m
[0mPOST /api/v1/cart/place-order [32m200[0m 114.651 ms - 20[0m
[0mGET /api/v1/products [36m304[0m 23.341 ms - -[0m
[0mGET /api/v1/cart [32m200[0m 16.980 ms - 2[0m
[0mGET /api/v1/products [36m304[0m 18.644 ms - -[0m
[0mGET /api/v1/cart [36m304[0m 16.349 ms - -[0m
[0mGET /api/v1/cart [36m304[0m 8.594 ms - -[0m
[0mGET /api/v1/products [36m304[0m 17.809 ms - -[0m
[0mPOST /api/v1/cart/update [32m200[0m 11.414 ms - 20[0m
[0mPOST /api/v1/cart/update [32m200[0m 7.204 ms - 20[0m
[0mPOST /api/v1/cart/update [32m200[0m 8.307 ms - 20[0m
[0mGET /api/v1/products [36m304[0m 10.157 ms - -[0m
[0mGET /api/v1/cart [32m200[0m 18.882 ms - 88[0m
[0mPOST /api/v1/cart/update [32m200[0m 16.244 ms - 20[0m
[0mPOST /api/v1/cart/update [32m200[0m 10.957 ms - 20[0m
[0mPOST /api/v1/cart/update [32m200[0m 7.573 ms - 20[0m
[0mPOST /api/v1/cart/update [32m200[0m 9.639 ms - 20[0m
[0mPOST /api/v1/cart/place-order [32m200[0m 71.164 ms - 20[0m
[0mGET /api/v1/invoice/ [32m200[0m 102.871 ms - 951[0m
[0mPOST /api/v1/invoice/generate-invoice [32m200[0m 2270.609 ms - 51015[0m
[0mGET /api/v1/cart [32m200[0m 33.368 ms - 2[0m
[0mGET /api/v1/products [36m304[0m 57.713 ms - -[0m
[0mPOST /api/v1/cart/update [32m200[0m 17.301 ms - 20[0m
[0mPOST /api/v1/cart/update [32m200[0m 12.706 ms - 20[0m
[0mPOST /api/v1/cart/update [32m200[0m 10.378 ms - 20[0m
[0mGET /api/v1/products [36m304[0m 11.483 ms - -[0m
[0mGET /api/v1/cart [32m200[0m 25.362 ms - 88[0m
[0mPOST /api/v1/cart/update [32m200[0m 16.964 ms - 20[0m
[0mPOST /api/v1/cart/update [32m200[0m 12.555 ms - 20[0m
[0mPOST /api/v1/cart/update [32m200[0m 8.950 ms - 20[0m
[0mPOST /api/v1/cart/update [32m200[0m 10.004 ms - 20[0m
[0mPOST /api/v1/cart/place-order [32m200[0m 65.097 ms - 20[0m
[0mGET /api/v1/invoice/ [32m200[0m 79.038 ms - 964[0m
[0mPOST /api/v1/invoice/generate-invoice [32m200[0m 1755.350 ms - 50866[0m
[0mGET /api/v1/products [36m304[0m 16.217 ms - -[0m
[0mGET /api/v1/cart [32m200[0m 14.809 ms - 2[0m
[0mGET /api/v1/invoice/ [36m304[0m 107.080 ms - -[0m
[0mGET /api/v1/invoice/ [32m200[0m 224.024 ms - 964[0m
[0mGET /api/v1/products [36m304[0m 161.385 ms - -[0m
[0mGET /api/v1/cart [36m304[0m 247.462 ms - -[0m
[0mGET /api/v1/products [36m304[0m 19.977 ms - -[0m
[0mGET /api/v1/cart [36m304[0m 19.628 ms - -[0m
[0mGET /api/v1/products [36m304[0m 16.543 ms - -[0m
[0mGET /api/v1/cart [36m304[0m 18.291 ms - -[0m
[0mPOST /api/v1/cart/update [32m200[0m 51.010 ms - 20[0m
[0mPOST /api/v1/cart/update [32m200[0m 27.914 ms - 20[0m
[0mPOST /api/v1/cart/update [32m200[0m 9.374 ms - 20[0m
[0mGET /api/v1/products [36m304[0m 14.061 ms - -[0m
[0mGET /api/v1/cart [32m200[0m 19.593 ms - 30[0m
[0mGET /api/v1/products [36m304[0m 11.492 ms - -[0m
[0mGET /api/v1/cart [36m304[0m 15.842 ms - -[0m
[0mPOST /api/v1/cart/place-order [32m200[0m 102.273 ms - 20[0m
[0mGET /api/v1/products [36m304[0m 10.505 ms - -[0m
[0mGET /api/v1/cart [32m200[0m 10.005 ms - 2[0m
[0mGET /api/v1/products [36m304[0m 13.645 ms - -[0m
[0mGET /api/v1/cart [36m304[0m 13.957 ms - -[0m
[0mPOST /api/v1/cart/update [32m200[0m 6.190 ms - 20[0m
[0mGET /api/v1/products [36m304[0m 7.439 ms - -[0m
[0mGET /api/v1/cart [32m200[0m 11.204 ms - 30[0m
[0mPOST /api/v1/cart/place-order [32m200[0m 40.689 ms - 20[0m
[0mGET /api/v1/invoice/ [32m200[0m 52.886 ms - 999[0m
[0mGET /api/v1/invoice/ [36m304[0m 28.878 ms - -[0m
[0mGET /api/v1/invoice/ [36m304[0m 23.279 ms - -[0m
[0mGET /api/v1/invoice/ [36m304[0m 23.918 ms - -[0m
[0mGET /api/v1/invoice/ [36m304[0m 34.639 ms - -[0m
[0mGET /api/v1/invoice/ [36m304[0m 20.912 ms - -[0m
[0mPOST /api/v1/invoice/generate-invoice [32m200[0m 5880.057 ms - 50092[0m
[0mGET /api/v1/invoice/ [36m304[0m 28.385 ms - -[0m
[0mGET /api/v1/invoice/ [36m304[0m 18.956 ms - -[0m
[0mGET /api/v1/invoice/ [36m304[0m 17.743 ms - -[0m
[0mPOST /api/v1/invoice/generate-invoice [32m200[0m 1658.639 ms - 50092[0m
[0mGET /api/v1/invoice/ [36m304[0m 70.348 ms - -[0m
[0mPOST /api/v1/invoice/generate-invoice [32m200[0m 1650.019 ms - 50092[0m
[0mGET /api/v1/invoice/ [36m304[0m 18.715 ms - -[0m
[0mGET /api/v1/invoice/ [36m304[0m 20.368 ms - -[0m
[0mGET /api/v1/invoice/ [36m304[0m 18.929 ms - -[0m
[0mGET /api/v1/invoice/ [36m304[0m 20.469 ms - -[0m
[0mGET /api/v1/invoice/ [36m304[0m 30.081 ms - -[0m
[0mPOST /api/v1/invoice/generate-invoice [32m200[0m 1814.040 ms - 50092[0m
[0mGET /api/v1/products [36m304[0m 22.557 ms - -[0m
[0mGET /api/v1/cart [32m200[0m 23.303 ms - 2[0m
[0mGET /api/v1/products [36m304[0m 9.742 ms - -[0m
[0mGET /api/v1/cart [36m304[0m 10.823 ms - -[0m
[0mGET /api/v1/products [36m304[0m 10.772 ms - -[0m
[0mGET /api/v1/cart [36m304[0m 9.174 ms - -[0m
[0mGET /api/v1/products [36m304[0m 6.497 ms - -[0m
[0mGET /api/v1/cart [36m304[0m 5.456 ms - -[0m
[0mGET /api/v1/products [36m304[0m 15.944 ms - -[0m
[0mGET /api/v1/cart [36m304[0m 15.683 ms - -[0m
[0mPOST /api/v1/cart/update [32m200[0m 13.889 ms - 20[0m
[0mPOST /api/v1/cart/update [32m200[0m 5.734 ms - 20[0m
[0mPOST /api/v1/cart/update [32m200[0m 5.772 ms - 20[0m
[0mGET /api/v1/products [36m304[0m 11.427 ms - -[0m
[0mGET /api/v1/cart [32m200[0m 20.371 ms - 88[0m
[0mPOST /api/v1/cart/update [32m200[0m 7.263 ms - 20[0m
[0mPOST /api/v1/cart/update [32m200[0m 7.930 ms - 20[0m
[0mPOST /api/v1/cart/update [32m200[0m 9.099 ms - 20[0m
[0mGET /api/v1/products [36m304[0m 13.338 ms - -[0m
[0mGET /api/v1/cart [32m200[0m 22.285 ms - 88[0m
[0mGET /api/v1/products [36m304[0m 3.858 ms - -[0m
[0mGET /api/v1/cart [36m304[0m 12.164 ms - -[0m
[0mGET /api/v1/products [36m304[0m 9.282 ms - -[0m
[0mGET /api/v1/cart [36m304[0m 24.184 ms - -[0m
[0mGET /http://localhost:3008/api/v1/cart [33m404[0m 10.263 ms - 172[0m
[0mGET /api/v1/products [36m304[0m 13.842 ms - -[0m
[0mGET /http://localhost:3008/api/v1/cart [33m404[0m 1.253 ms - 172[0m
[0mGET /api/v1/products [36m304[0m 10.594 ms - -[0m
[0mGET /api/v1/products [36m304[0m 5.797 ms - -[0m
[0mGET /api/v1/cart [36m304[0m 31.431 ms - -[0m
[0mGET /api/v1/products [36m304[0m 14.179 ms - -[0m
[0mGET /api/v1/cart [36m304[0m 22.760 ms - -[0m
[0mGET /api/v1/invoice/ [36m304[0m 115.245 ms - -[0m
[0mPOST /api/v1/invoice/generate-invoice [32m200[0m 2627.300 ms - 50092[0m
[0mPOST /api/v1/invoice/generate-invoice [32m200[0m 3774.466 ms - 50092[0m
[0mPOST /api/v1/invoice/generate-invoice [32m200[0m 2216.349 ms - 50092[0m
[0mPOST /api/v1/invoice/generate-invoice [32m200[0m 2410.039 ms - 49988[0m
[0mGET /api/v1/products [36m304[0m 154.417 ms - -[0m
[0mGET /api/v1/cart [36m304[0m 200.167 ms - -[0m
[0mPOST /api/v1/cart/update [32m200[0m 50.930 ms - 20[0m
[0mGET /api/v1/products [36m304[0m 46.472 ms - -[0m
[0mGET /api/v1/cart [32m200[0m 101.005 ms - 88[0m
[0mPOST /api/v1/cart/place-order [32m200[0m 270.613 ms - 20[0m
[0mGET /api/v1/invoice/ [32m200[0m 165.263 ms - 1012[0m
[0mPOST /api/v1/invoice/generate-invoice [32m200[0m 2515.825 ms - 50712[0m
[0mPOST /api/v1/invoice/generate-invoice [32m200[0m 3193.057 ms - 50712[0m
[0mPOST /api/v1/invoice/generate-invoice [32m200[0m 3336.313 ms - 50712[0m
[0mPOST /api/v1/invoice/generate-invoice [32m200[0m 2444.801 ms - 50712[0m
[0mPOST /api/v1/invoice/generate-invoice [32m200[0m 2241.512 ms - 50093[0m
[0mPOST /api/v1/invoice/generate-invoice [32m200[0m 2329.550 ms - 50093[0m
[0mPOST /api/v1/invoice/generate-invoice [33m404[0m 2692.052 ms - 171[0m
[0mPOST /api/v1/invoice/generate-invoice [32m200[0m 2545.600 ms - 50093[0m
[0mPOST /api/v1/invoice/generate-invoice [32m200[0m 2272.897 ms - 50093[0m
[0mPOST /api/v1/invoice/generate-invoice [32m200[0m 2451.159 ms - 50712[0m
[0mPOST /api/v1/invoice/generate-invoice [32m200[0m 2509.708 ms - 50093[0m
[0mGET /api/v1/invoice/ [36m304[0m 183.439 ms - -[0m
[0mPOST /api/v1/invoice/generate-invoice [32m200[0m 2543.645 ms - 49988[0m
[0mPOST /api/v1/invoice/generate-invoice [32m200[0m 2835.647 ms - 50093[0m
[0mPOST /api/v1/invoice/generate-invoice [32m200[0m 2516.716 ms - 50712[0m
[0mPOST /api/v1/invoice/generate-invoice [32m200[0m 2603.087 ms - 50093[0m
[0mPOST /api/v1/invoice/generate-invoice [32m200[0m 2566.296 ms - 50712[0m
[0mPOST /api/v1/invoice/generate-invoice [32m200[0m 2403.346 ms - 50093[0m
[0mPOST /api/v1/invoice/generate-invoice [32m200[0m 2598.542 ms - 50093[0m
[0mPOST /api/v1/invoice/generate-invoice [32m200[0m 2285.263 ms - 50712[0m
[0mGET /api/v1/invoice/ [36m304[0m 102.664 ms - -[0m
[0mPOST /api/v1/invoice/generate-invoice [32m200[0m 2312.243 ms - 50093[0m
[0mGET /api/v1/invoice/ [36m304[0m 87.350 ms - -[0m
[0mGET /api/v1/invoice/ [36m304[0m 141.539 ms - -[0m
[0mGET /api/v1/invoice/ [36m304[0m 94.933 ms - -[0m
[0mGET /api/v1/invoice/ [36m304[0m 82.536 ms - -[0m
[0mGET /api/v1/invoice/ [36m304[0m 56.158 ms - -[0m
[0mGET /api/v1/invoice/ [36m304[0m 33.599 ms - -[0m
[0mGET /api/v1/invoice/ [36m304[0m 37.582 ms - -[0m
[0mGET /api/v1/invoice/ [36m304[0m 30.221 ms - -[0m
[0mGET /api/v1/invoice/ [36m304[0m 55.054 ms - -[0m
[0mGET /api/v1/invoice/ [36m304[0m 57.039 ms - -[0m
[0mGET /api/v1/invoice/ [36m304[0m 52.788 ms - -[0m
[0mGET /api/v1/invoice/ [36m304[0m 61.720 ms - -[0m
[0mGET /api/v1/invoice/ [36m304[0m 53.409 ms - -[0m
[0mGET /api/v1/invoice/ [36m304[0m 35.887 ms - -[0m
[0mGET /api/v1/products [36m304[0m 30.194 ms - -[0m
[0mGET /api/v1/cart [32m200[0m 37.177 ms - 2[0m
[0mGET /api/v1/products [36m304[0m 22.998 ms - -[0m
[0mGET /api/v1/cart [36m304[0m 26.643 ms - -[0m
[0mGET /api/v1/invoice/ [36m304[0m 41.136 ms - -[0m
[0mGET /api/v1/invoice/ [36m304[0m 47.436 ms - -[0m
[0mGET /api/v1/invoice/ [36m304[0m 66.465 ms - -[0m
[0mGET /api/v1/invoice/ [36m304[0m 54.894 ms - -[0m
[0mGET /api/v1/invoice/ [36m304[0m 67.132 ms - -[0m
[0mGET /api/v1/invoice/ [36m304[0m 40.375 ms - -[0m
[0mGET /api/v1/invoice/ [36m304[0m 72.251 ms - -[0m
[0mGET /api/v1/invoice/ [36m304[0m 47.374 ms - -[0m
[0mGET /api/v1/invoice/ [36m304[0m 50.018 ms - -[0m
[0mGET /api/v1/invoice/ [36m304[0m 35.810 ms - -[0m
[0mGET /api/v1/invoice/ [36m304[0m 56.399 ms - -[0m
[0mGET /api/v1/invoice/ [36m304[0m 38.182 ms - -[0m
[0mGET /api/v1/invoice/ [36m304[0m 52.927 ms - -[0m
[0mGET /api/v1/invoice/ [36m304[0m 50.789 ms - -[0m
[0mPOST /api/v1/invoice/generate-invoice [32m200[0m 2713.743 ms - 50259[0m
[0mGET /api/v1/invoice/ [36m304[0m 54.547 ms - -[0m
[0mGET /api/v1/invoice/ [36m304[0m 88.825 ms - -[0m
[0mGET /api/v1/invoice/ [36m304[0m 41.660 ms - -[0m
[0mGET /api/v1/invoice/ [36m304[0m 35.843 ms - -[0m
[0mGET /api/v1/invoice/ [36m304[0m 42.634 ms - -[0m
[0mGET /api/v1/invoice/ [36m304[0m 54.848 ms - -[0m
[0mPOST /api/v1/invoice/generate-invoice [32m200[0m 3224.698 ms - 51130[0m
[0mPOST /api/v1/invoice/generate-invoice [32m200[0m 3252.369 ms - 51132[0m
[0mPOST /api/v1/invoice/generate-invoice [32m200[0m 4200.859 ms - 51322[0m
[0mPOST /api/v1/invoice/generate-invoice [32m200[0m 3665.086 ms - 51322[0m
[0mGET /api/v1/products [36m304[0m 19.765 ms - -[0m
[0mGET /api/v1/cart [36m304[0m 17.299 ms - -[0m
[0mGET /api/v1/invoice/ [36m304[0m 45.239 ms - -[0m
[0mGET /api/v1/invoice/ [36m304[0m 58.014 ms - -[0m
[0mGET /api/v1/invoice/ [36m304[0m 46.693 ms - -[0m
[0mGET /api/v1/invoice/ [36m304[0m 39.051 ms - -[0m
[0mGET /api/v1/invoice/ [36m304[0m 43.995 ms - -[0m
[0mGET /api/v1/invoice/ [36m304[0m 65.770 ms - -[0m
[0mGET /api/v1/invoice/ [36m304[0m 38.115 ms - -[0m
[0mGET /api/v1/invoice/ [36m304[0m 94.849 ms - -[0m
[0mGET /api/v1/invoice/ [36m304[0m 48.465 ms - -[0m
[0mGET /api/v1/invoice/ [36m304[0m 25.011 ms - -[0m
[0mGET /api/v1/invoice/ [36m304[0m 26.663 ms - -[0m
[0mGET /api/v1/invoice/ [36m304[0m 82.905 ms - -[0m
[0mPOST /api/v1/invoice/generate-invoice [32m200[0m 3185.028 ms - 51009[0m
[0mGET /api/v1/products [36m304[0m 98.297 ms - -[0m
[0mGET /api/v1/cart [36m304[0m 93.464 ms - -[0m
[0mGET /api/v1/products [36m304[0m 24.848 ms - -[0m
[0mGET /api/v1/cart [36m304[0m 21.923 ms - -[0m
[0mGET /api/v1/products [36m304[0m 37.171 ms - -[0m
[0mGET /api/v1/cart [36m304[0m 34.592 ms - -[0m
[0mPOST /api/v1/cart/update [32m200[0m 48.511 ms - 20[0m
[0mGET /api/v1/products [36m304[0m 40.098 ms - -[0m
[0mGET /api/v1/cart [32m200[0m 61.364 ms - 30[0m
[0mPOST /api/v1/cart/place-order [32m200[0m 92.701 ms - 19[0m
[0mGET /api/v1/products [36m304[0m 28.261 ms - -[0m
[0mGET /api/v1/cart [32m200[0m 29.181 ms - 2[0m
[0mPOST /api/v1/cart/update [32m200[0m 14.552 ms - 20[0m
[0mGET /api/v1/products [36m304[0m 20.889 ms - -[0m
[0mGET /api/v1/cart [32m200[0m 31.592 ms - 30[0m
[0mPOST /api/v1/cart/update [32m200[0m 50.105 ms - 20[0m
[0mPOST /api/v1/cart/update [32m200[0m 13.604 ms - 20[0m
[0mPOST /api/v1/cart/update [32m200[0m 16.750 ms - 20[0m
[0mPOST /api/v1/cart/place-order [32m200[0m 78.565 ms - 19[0m
[0mGET /api/v1/products [36m304[0m 24.529 ms - -[0m
[0mGET /api/v1/cart [32m200[0m 20.833 ms - 2[0m
[0mPOST /api/v1/cart/update [32m200[0m 21.220 ms - 20[0m
[0mGET /api/v1/products [36m304[0m 49.256 ms - -[0m
[0mGET /api/v1/cart [32m200[0m 80.000 ms - 30[0m
[0mPOST /api/v1/cart/place-order [32m200[0m 86.037 ms - 19[0m
[0mGET /api/v1/products [36m304[0m 21.111 ms - -[0m
[0mGET /api/v1/cart [32m200[0m 18.230 ms - 2[0m
[0mPOST /api/v1/cart/update [32m200[0m 30.694 ms - 20[0m
[0mGET /api/v1/products [36m304[0m 10.887 ms - -[0m
[0mGET /api/v1/cart [32m200[0m 18.514 ms - 30[0m
[0mPOST /api/v1/cart/place-order [32m200[0m 77.269 ms - 19[0m
[0mGET /api/v1/products [36m304[0m 22.678 ms - -[0m
[0mGET /api/v1/cart [32m200[0m 21.264 ms - 2[0m
[0mGET /api/v1/products [36m304[0m 20.127 ms - -[0m
[0mGET /api/v1/cart [36m304[0m 19.043 ms - -[0m
[0mGET /api/v1/products [36m304[0m 36.142 ms - -[0m
[0mGET /api/v1/cart [36m304[0m 35.981 ms - -[0m
[0mPOST /api/v1/cart/update [32m200[0m 12.744 ms - 20[0m
[0mGET /api/v1/products [36m304[0m 13.321 ms - -[0m
[0mGET /api/v1/cart [32m200[0m 21.573 ms - 30[0m
[0mPOST /api/v1/cart/place-order [32m200[0m 83.943 ms - 19[0m
[0mGET /api/v1/products [36m304[0m 33.738 ms - -[0m
[0mGET /api/v1/cart [32m200[0m 31.649 ms - 2[0m
[0mPOST /api/v1/cart/update [32m200[0m 12.288 ms - 20[0m
[0mGET /api/v1/products [36m304[0m 21.363 ms - -[0m
[0mGET /api/v1/cart [32m200[0m 25.596 ms - 30[0m
[0mPOST /api/v1/cart/place-order [32m200[0m 82.627 ms - 19[0m
[0mGET /api/v1/cart [32m200[0m 12.219 ms - 2[0m
[0mGET /api/v1/products [36m304[0m 16.882 ms - -[0m
[0mPOST /api/v1/cart/update [32m200[0m 8.584 ms - 20[0m
[0mGET /api/v1/products [36m304[0m 11.636 ms - -[0m
[0mGET /api/v1/cart [32m200[0m 20.649 ms - 30[0m
[0mPOST /api/v1/cart/place-order [32m200[0m 76.146 ms - 19[0m
[0mGET /api/v1/products [36m304[0m 21.055 ms - -[0m
[0mGET /api/v1/cart [32m200[0m 18.561 ms - 2[0m
[0mGET /api/v1/products [36m304[0m 15.116 ms - -[0m
[0mGET /api/v1/cart [36m304[0m 2.671 ms - -[0m
[0mGET /api/v1/products [36m304[0m 16.653 ms - -[0m
[0mGET /api/v1/cart [36m304[0m 17.019 ms - -[0m
[0mGET /api/v1/products [36m304[0m 10.873 ms - -[0m
[0mGET /api/v1/cart [36m304[0m 9.249 ms - -[0m
[0mGET /api/v1/products [36m304[0m 8.863 ms - -[0m
[0mGET /api/v1/cart [36m304[0m 7.611 ms - -[0m
[0mGET /api/v1/cart [36m304[0m 27.235 ms - -[0m
[0mGET /api/v1/products [36m304[0m 11.011 ms - -[0m
[0mGET /api/v1/cart [36m304[0m 7.382 ms - -[0m
[0mGET /api/v1/products [36m304[0m 10.095 ms - -[0m
[0mGET /api/v1/cart [36m304[0m 17.802 ms - -[0m
[0mGET /api/v1/products [36m304[0m 10.817 ms - -[0m
[0mGET /api/v1/products [36m304[0m 8.646 ms - -[0m
[0mGET /api/v1/cart [36m304[0m 6.903 ms - -[0m
[0mGET /api/v1/products [36m304[0m 9.319 ms - -[0m
[0mGET /api/v1/cart [36m304[0m 9.357 ms - -[0m
[0mGET /api/v1/products [36m304[0m 35.648 ms - -[0m
[0mGET /api/v1/cart [36m304[0m 34.322 ms - -[0m
[0mGET /api/v1/products [36m304[0m 10.661 ms - -[0m
[0mGET /api/v1/cart [36m304[0m 8.417 ms - -[0m
[0mGET /api/v1/products [36m304[0m 8.101 ms - -[0m
[0mGET /api/v1/cart [36m304[0m 5.862 ms - -[0m
[0mGET /api/v1/products [36m304[0m 29.713 ms - -[0m
[0mGET /api/v1/cart [36m304[0m 28.947 ms - -[0m
[0mGET /api/v1/products [36m304[0m 12.608 ms - -[0m
[0mGET /api/v1/cart [36m304[0m 10.588 ms - -[0m
[0mGET /api/v1/products [36m304[0m 9.685 ms - -[0m
[0mGET /api/v1/cart [36m304[0m 9.058 ms - -[0m
[0mGET /api/v1/products [36m304[0m 8.618 ms - -[0m
[0mGET /api/v1/cart [36m304[0m 6.090 ms - -[0m
[0mGET /api/v1/products [36m304[0m 32.789 ms - -[0m
[0mGET /api/v1/cart [36m304[0m 8.156 ms - -[0m
[0mGET /api/v1/products [36m304[0m 9.074 ms - -[0m
[0mGET /api/v1/cart [36m304[0m 10.931 ms - -[0m
[0mGET /api/v1/products [36m304[0m 12.736 ms - -[0m
[0mGET /api/v1/cart [36m304[0m 11.641 ms - -[0m
[0mGET /api/v1/products [36m304[0m 12.398 ms - -[0m
[0mGET /api/v1/cart [36m304[0m 10.392 ms - -[0m
[0mGET /api/v1/products [36m304[0m 7.420 ms - -[0m
[0mGET /api/v1/cart [36m304[0m 6.035 ms - -[0m
[0mGET /api/v1/products [36m304[0m 9.479 ms - -[0m
[0mGET /api/v1/cart [36m304[0m 7.214 ms - -[0m
[0mGET /api/v1/products [36m304[0m 12.666 ms - -[0m
[0mGET /api/v1/cart [36m304[0m 26.579 ms - -[0m
[0mGET /api/v1/products [36m304[0m 9.352 ms - -[0m
[0mGET /api/v1/cart [36m304[0m 9.387 ms - -[0m
[0mGET /api/v1/products [36m304[0m 9.669 ms - -[0m
[0mGET /api/v1/cart [36m304[0m 8.864 ms - -[0m
[0mGET /api/v1/products [36m304[0m 16.947 ms - -[0m
[0mGET /api/v1/cart [36m304[0m 9.995 ms - -[0m
[0mGET /api/v1/products [36m304[0m 14.206 ms - -[0m
[0mGET /api/v1/cart [36m304[0m 11.441 ms - -[0m
[0mGET /api/v1/products [36m304[0m 8.588 ms - -[0m
[0mGET /api/v1/cart [36m304[0m 8.570 ms - -[0m
[0mGET /api/v1/products [36m304[0m 17.592 ms - -[0m
[0mGET /api/v1/cart [36m304[0m 17.273 ms - -[0m
[0mGET /api/v1/products [36m304[0m 34.066 ms - -[0m
[0mGET /api/v1/cart [36m304[0m 9.144 ms - -[0m
[0mGET /api/v1/products [36m304[0m 7.795 ms - -[0m
[0mGET /api/v1/cart [36m304[0m 6.944 ms - -[0m
[0mGET /api/v1/products [36m304[0m 33.789 ms - -[0m
[0mGET /api/v1/cart [36m304[0m 33.016 ms - -[0m
[0mGET /api/v1/products [36m304[0m 6.556 ms - -[0m
[0mGET /api/v1/cart [36m304[0m 6.740 ms - -[0m
[0mGET /api/v1/products [36m304[0m 32.091 ms - -[0m
[0mGET /api/v1/cart [36m304[0m 29.782 ms - -[0m
[0mGET /api/v1/products [36m304[0m 16.147 ms - -[0m
[0mGET /api/v1/cart [36m304[0m 15.271 ms - -[0m
[0mGET /api/v1/invoice/ [32m200[0m 155.137 ms - 1103[0m
[0mPOST /api/v1/invoice/generate-invoice [32m200[0m 2686.891 ms - 50519[0m
[0mPOST /api/v1/invoice/set-invoice-number [32m200[0m 51.373 ms - 20[0m
[0mGET /api/v1/invoice/ [32m200[0m 43.604 ms - 2[0m
[0mGET /api/v1/products [36m304[0m 64.374 ms - -[0m
[0mGET /api/v1/cart [36m304[0m 64.102 ms - -[0m
[0mPOST /api/v1/cart/update [32m200[0m 35.164 ms - 20[0m
[0mGET /api/v1/products [36m304[0m 43.677 ms - -[0m
[0mGET /api/v1/cart [32m200[0m 44.455 ms - 30[0m
[0mGET /api/v1/products [36m304[0m 46.914 ms - -[0m
[0mGET /api/v1/cart [36m304[0m 51.750 ms - -[0m
[0mGET /api/v1/products [36m304[0m 136.383 ms - -[0m
[0mGET /api/v1/cart [36m304[0m 143.140 ms - -[0m
[0mGET /api/v1/products [36m304[0m 22.838 ms - -[0m
[0mGET /api/v1/cart [36m304[0m 27.222 ms - -[0m
[0mGET /api/v1/products [36m304[0m 12.787 ms - -[0m
[0mGET /api/v1/cart [36m304[0m 15.678 ms - -[0m
[0mGET /api/v1/products [36m304[0m 23.684 ms - -[0m
[0mGET /api/v1/cart [36m304[0m 24.465 ms - -[0m
[0mGET /api/v1/products [36m304[0m 9.270 ms - -[0m
[0mGET /api/v1/cart [36m304[0m 11.640 ms - -[0m
[0mGET /api/v1/products [36m304[0m 13.446 ms - -[0m
[0mGET /api/v1/cart [36m304[0m 8.728 ms - -[0m
[0mGET /api/v1/products [36m304[0m 24.521 ms - -[0m
[0mGET /api/v1/cart [36m304[0m 26.289 ms - -[0m
[0mGET /api/v1/products [36m304[0m 18.124 ms - -[0m
[0mGET /api/v1/cart [36m304[0m 28.647 ms - -[0m
[0mGET /api/v1/products [36m304[0m 8.900 ms - -[0m
[0mGET /api/v1/cart [36m304[0m 12.450 ms - -[0m
[0mGET /api/v1/products [36m304[0m 15.637 ms - -[0m
[0mGET /api/v1/cart [36m304[0m 16.789 ms - -[0m
[0mGET /api/v1/products [36m304[0m 11.833 ms - -[0m
[0mGET /api/v1/cart [36m304[0m 14.905 ms - -[0m
[0mGET /api/v1/products [36m304[0m 22.613 ms - -[0m
[0mGET /api/v1/cart [36m304[0m 37.514 ms - -[0m
[0mGET /api/v1/products [36m304[0m 28.965 ms - -[0m
[0mGET /api/v1/cart [36m304[0m 32.342 ms - -[0m
[0mGET /api/v1/products [36m304[0m 12.198 ms - -[0m
[0mGET /api/v1/cart [36m304[0m 14.818 ms - -[0m
[0mGET /api/v1/products [36m304[0m 13.818 ms - -[0m
[0mGET /api/v1/cart [36m304[0m 23.606 ms - -[0m
[0mGET /api/v1/cart [36m304[0m 11.333 ms - -[0m
[0mGET /api/v1/products [36m304[0m 18.260 ms - -[0m
[0mGET /api/v1/products [36m304[0m 29.642 ms - -[0m
[0mGET /api/v1/cart [36m304[0m 22.020 ms - -[0m
[0mGET /api/v1/products [36m304[0m 14.297 ms - -[0m
[0mGET /api/v1/cart [36m304[0m 17.399 ms - -[0m
[0mPOST /api/v1/cart/update [32m200[0m 26.953 ms - 20[0m
[0mGET /api/v1/products [36m304[0m 16.778 ms - -[0m
[0mGET /api/v1/cart [32m200[0m 20.117 ms - 30[0m
[0mGET /api/v1/products [36m304[0m 6.555 ms - -[0m
[0mGET /api/v1/cart [36m304[0m 11.244 ms - -[0m
[0mGET /api/v1/products [36m304[0m 15.891 ms - -[0m
[0mGET /api/v1/cart [36m304[0m 22.630 ms - -[0m
[0mGET /api/v1/cart [36m304[0m 8.953 ms - -[0m
[0mGET /api/v1/products [36m304[0m 19.533 ms - -[0m
[0mGET /api/v1/products [36m304[0m 9.349 ms - -[0m
[0mGET /api/v1/cart [36m304[0m 15.089 ms - -[0m
[0mGET /api/v1/cart [36m304[0m 9.584 ms - -[0m
[0mGET /api/v1/products [36m304[0m 23.412 ms - -[0m
[0mGET /api/v1/products [36m304[0m 17.036 ms - -[0m
[0mGET /api/v1/cart [36m304[0m 26.060 ms - -[0m
[0mGET /api/v1/products [36m304[0m 10.898 ms - -[0m
[0mGET /api/v1/cart [36m304[0m 7.358 ms - -[0m
[0mGET /api/v1/products [36m304[0m 13.978 ms - -[0m
[0mGET /api/v1/cart [36m304[0m 15.758 ms - -[0m
[0mGET /api/v1/products [36m304[0m 15.586 ms - -[0m
[0mGET /api/v1/cart [36m304[0m 8.318 ms - -[0m
[0mGET /api/v1/products [36m304[0m 12.221 ms - -[0m
[0mGET /api/v1/cart [36m304[0m 15.292 ms - -[0m
[0mGET /api/v1/invoice/ [36m304[0m 6.410 ms - -[0m
[0mGET /api/v1/products [36m304[0m 16.884 ms - -[0m
[0mGET /api/v1/cart [36m304[0m 26.560 ms - -[0m
[0mPOST /api/v1/cart/update [32m200[0m 18.706 ms - 20[0m
[0mPOST /api/v1/cart/update [32m200[0m 13.795 ms - 20[0m
[0mPOST /api/v1/cart/update [32m200[0m 13.547 ms - 20[0m
[0mPOST /api/v1/cart/update [32m200[0m 11.727 ms - 20[0m
[0mPOST /api/v1/cart/update [32m200[0m 9.884 ms - 20[0m
[0mGET /api/v1/products [36m304[0m 17.984 ms - -[0m
[0mGET /api/v1/cart [32m200[0m 24.456 ms - 30[0m
[0mGET /api/v1/products [36m304[0m 18.163 ms - -[0m
[0mGET /api/v1/cart [36m304[0m 22.314 ms - -[0m
[0mGET /api/v1/products [36m304[0m 17.355 ms - -[0m
[0mGET /api/v1/cart [36m304[0m 22.491 ms - -[0m
[0mGET /api/v1/products [36m304[0m 24.491 ms - -[0m
[0mGET /api/v1/cart [36m304[0m 27.475 ms - -[0m
[0mGET /api/v1/products [36m304[0m 11.170 ms - -[0m
[0mGET /api/v1/cart [36m304[0m 13.923 ms - -[0m
[0mPOST /api/v1/cart/update [32m200[0m 10.803 ms - 20[0m
[0mPOST /api/v1/cart/update [32m200[0m 13.954 ms - 20[0m
[0mPOST /api/v1/cart/update [32m200[0m 14.619 ms - 20[0m
[0mPOST /api/v1/cart/update [32m200[0m 11.150 ms - 20[0m
[0mPOST /api/v1/cart/update [32m200[0m 14.878 ms - 20[0m
[0mPOST /api/v1/cart/update [32m200[0m 9.790 ms - 20[0m
[0mPOST /api/v1/cart/update [32m200[0m 34.087 ms - 20[0m
[0mPOST /api/v1/cart/update [32m200[0m 14.191 ms - 20[0m
[0mPOST /api/v1/cart/update [32m200[0m 14.469 ms - 20[0m
[0mGET /api/v1/products [36m304[0m 14.967 ms - -[0m
[0mGET /api/v1/cart [32m200[0m 13.600 ms - 2[0m
[0mGET /api/v1/products [36m304[0m 14.941 ms - -[0m
[0mGET /api/v1/cart [36m304[0m 13.271 ms - -[0m
[0mPOST /api/v1/cart/update [32m200[0m 10.851 ms - 20[0m
[0mPOST /api/v1/cart/update [32m200[0m 8.790 ms - 20[0m
[0mGET /api/v1/products [36m304[0m 24.620 ms - -[0m
[0mGET /api/v1/cart [32m200[0m 26.914 ms - 30[0m
[0mPOST /api/v1/cart/update [32m200[0m 12.497 ms - 20[0m
[0mPOST /api/v1/cart/update [32m200[0m 17.848 ms - 20[0m
[0mPOST /api/v1/cart/place-order [32m200[0m 67.970 ms - 19[0m
[0mPOST /api/v1/cart/place-order [32m200[0m 94.109 ms - 19[0m
[0mGET /api/v1/products [36m304[0m 19.002 ms - -[0m
[0mGET /api/v1/cart [32m200[0m 18.460 ms - 2[0m
[0mGET /api/v1/products [36m304[0m 19.541 ms - -[0m
[0mGET /api/v1/cart [36m304[0m 17.917 ms - -[0m
[0mGET /api/v1/products [36m304[0m 11.822 ms - -[0m
[0mGET /api/v1/cart [36m304[0m 10.800 ms - -[0m
[0mGET /api/v1/products [36m304[0m 17.982 ms - -[0m
[0mGET /api/v1/cart [36m304[0m 16.192 ms - -[0m
[0mGET /api/v1/products [36m304[0m 17.274 ms - -[0m
[0mGET /api/v1/cart [36m304[0m 3.488 ms - -[0m
[0mGET /api/v1/products [36m304[0m 8.774 ms - -[0m
[0mGET /api/v1/cart [36m304[0m 6.099 ms - -[0m
[0mGET /api/v1/products [36m304[0m 13.267 ms - -[0m
[0mGET /api/v1/cart [36m304[0m 14.802 ms - -[0m
[0mGET /api/v1/cart [36m304[0m 13.432 ms - -[0m
[0mGET /api/v1/products [36m304[0m 35.442 ms - -[0m
[0mGET /api/v1/products [36m304[0m 13.401 ms - -[0m
[0mGET /api/v1/cart [36m304[0m 14.838 ms - -[0m
[0mGET /api/v1/products [36m304[0m 10.707 ms - -[0m
[0mGET /api/v1/cart [36m304[0m 9.401 ms - -[0m
[0mGET /api/v1/products [36m304[0m 30.697 ms - -[0m
[0mGET /api/v1/cart [36m304[0m 29.138 ms - -[0m
[0mGET /api/v1/products [36m304[0m 11.626 ms - -[0m
[0mGET /api/v1/cart [36m304[0m 10.487 ms - -[0m
[0mGET /api/v1/products [36m304[0m 16.129 ms - -[0m
[0mGET /api/v1/cart [36m304[0m 12.884 ms - -[0m
[0mGET /api/v1/products [36m304[0m 24.049 ms - -[0m
[0mGET /api/v1/cart [36m304[0m 23.212 ms - -[0m
[0mGET /api/v1/products [36m304[0m 13.294 ms - -[0m
[0mGET /api/v1/cart [36m304[0m 13.277 ms - -[0m
[0mGET /api/v1/products [36m304[0m 17.030 ms - -[0m
[0mGET /api/v1/cart [36m304[0m 17.294 ms - -[0m
[0mPOST /api/v1/cart/update [32m200[0m 19.371 ms - 20[0m
[0mPOST /api/v1/cart/update [32m200[0m 26.072 ms - 20[0m
[0mPOST /api/v1/cart/update [32m200[0m 12.312 ms - 20[0m
[0mPOST /api/v1/cart/update [32m200[0m 37.671 ms - 20[0m
[0mGET /api/v1/products [36m304[0m 15.777 ms - -[0m
[0mGET /api/v1/cart [32m200[0m 30.923 ms - 30[0m
[0mGET /api/v1/products [36m304[0m 21.637 ms - -[0m
[0mGET /api/v1/cart [36m304[0m 12.415 ms - -[0m
[0mGET /api/v1/cart [36m304[0m 18.535 ms - -[0m
[0mGET /api/v1/products [36m304[0m 33.723 ms - -[0m
[0mGET /api/v1/products [36m304[0m 37.068 ms - -[0m
[0mGET /api/v1/cart [36m304[0m 28.116 ms - -[0m
[0mGET /api/v1/products [36m304[0m 19.620 ms - -[0m
[0mGET /api/v1/cart [36m304[0m 26.824 ms - -[0m
[0mGET /api/v1/products [36m304[0m 19.641 ms - -[0m
[0mGET /api/v1/cart [36m304[0m 23.382 ms - -[0m
[0mGET /api/v1/products [36m304[0m 15.391 ms - -[0m
[0mGET /api/v1/cart [36m304[0m 20.258 ms - -[0m
[0mGET /api/v1/invoice/ [32m200[0m 17.068 ms - 27[0m
[0mGET /api/v1/products [36m304[0m 27.327 ms - -[0m
[0mGET /api/v1/cart [36m304[0m 42.792 ms - -[0m
[0mGET /api/v1/products [36m304[0m 27.279 ms - -[0m
[0mGET /api/v1/cart [36m304[0m 52.420 ms - -[0m
[0mGET /api/v1/products [36m304[0m 21.893 ms - -[0m
[0mGET /api/v1/cart [36m304[0m 24.315 ms - -[0m
[0mGET /api/v1/invoice/ [36m304[0m 6.177 ms - -[0m
[0mGET /api/v1/products [36m304[0m 103.862 ms - -[0m
[0mGET /api/v1/cart [36m304[0m 93.293 ms - -[0m
[0mGET /api/v1/products [36m304[0m 32.198 ms - -[0m
[0mGET /api/v1/cart [36m304[0m 61.744 ms - -[0m
[0mPOST /api/v1/cart/update [32m200[0m 36.466 ms - 20[0m
[0mPOST /api/v1/cart/update [32m200[0m 27.146 ms - 20[0m
[0mPOST /api/v1/cart/update [32m200[0m 20.963 ms - 20[0m
[0mGET /api/v1/products [36m304[0m 62.288 ms - -[0m
[0mGET /api/v1/cart [32m200[0m 79.687 ms - 59[0m
[0mPOST /api/v1/cart/place-order [32m200[0m 117.521 ms - 19[0m
